{"C:\\Users\\danie\\Desktop\\MapMyJourney\\backend\\src\\AppRouter.ts": {"path":"C:\\Users\\danie\\Desktop\\MapMyJourney\\backend\\src\\AppRouter.ts","statementMap":{"0":{"start":{"line":7,"column":13},"end":{"line":7,"column":null}},"1":{"start":{"line":1,"column":23},"end":{"line":1,"column":null}},"2":{"start":{"line":4,"column":29},"end":{"line":4,"column":null}},"3":{"start":{"line":5,"column":28},"end":{"line":5,"column":null}},"4":{"start":{"line":7,"column":7},"end":{"line":14,"column":null}},"5":{"start":{"line":9,"column":31},"end":{"line":9,"column":null}},"6":{"start":{"line":10,"column":8},"end":{"line":10,"column":null}},"7":{"start":{"line":11,"column":8},"end":{"line":11,"column":null}},"8":{"start":{"line":12,"column":8},"end":{"line":12,"column":null}}},"fnMap":{"0":{"name":"(anonymous_0)","decl":{"start":{"line":7,"column":13},"end":{"line":7,"column":null}},"loc":{"start":{"line":7,"column":13},"end":{"line":7,"column":null}}},"1":{"name":"(anonymous_1)","decl":{"start":{"line":8,"column":4},"end":{"line":8,"column":18}},"loc":{"start":{"line":8,"column":78},"end":{"line":13,"column":null}}}},"branchMap":{},"s":{"0":17,"1":10,"2":10,"3":10,"4":10,"5":17,"6":17,"7":17,"8":17},"f":{"0":17,"1":17},"b":{}}
,"C:\\Users\\danie\\Desktop\\MapMyJourney\\backend\\src\\app.ts": {"path":"C:\\Users\\danie\\Desktop\\MapMyJourney\\backend\\src\\app.ts","statementMap":{"0":{"start":{"line":11,"column":13},"end":{"line":11,"column":16}},"1":{"start":{"line":51,"column":13},"end":{"line":51,"column":16}},"2":{"start":{"line":1,"column":17},"end":{"line":1,"column":null}},"3":{"start":{"line":2,"column":41},"end":{"line":2,"column":null}},"4":{"start":{"line":3,"column":20},"end":{"line":3,"column":null}},"5":{"start":{"line":4,"column":20},"end":{"line":4,"column":null}},"6":{"start":{"line":5,"column":17},"end":{"line":5,"column":null}},"7":{"start":{"line":6,"column":21},"end":{"line":6,"column":null}},"8":{"start":{"line":7,"column":27},"end":{"line":7,"column":null}},"9":{"start":{"line":8,"column":26},"end":{"line":8,"column":null}},"10":{"start":{"line":9,"column":52},"end":{"line":9,"column":null}},"11":{"start":{"line":10,"column":31},"end":{"line":10,"column":null}},"12":{"start":{"line":11,"column":7},"end":{"line":45,"column":null}},"13":{"start":{"line":20,"column":8},"end":{"line":20,"column":null}},"14":{"start":{"line":21,"column":8},"end":{"line":21,"column":null}},"15":{"start":{"line":22,"column":8},"end":{"line":22,"column":null}},"16":{"start":{"line":23,"column":8},"end":{"line":23,"column":null}},"17":{"start":{"line":24,"column":8},"end":{"line":28,"column":null}},"18":{"start":{"line":30,"column":8},"end":{"line":30,"column":null}},"19":{"start":{"line":31,"column":8},"end":{"line":31,"column":null}},"20":{"start":{"line":35,"column":8},"end":{"line":35,"column":null}},"21":{"start":{"line":39,"column":8},"end":{"line":43,"column":null}},"22":{"start":{"line":41,"column":16},"end":{"line":41,"column":null}},"23":{"start":{"line":12,"column":4},"end":{"line":12,"column":12}},"24":{"start":{"line":15,"column":8},"end":{"line":15,"column":null}},"25":{"start":{"line":16,"column":8},"end":{"line":16,"column":null}},"26":{"start":{"line":47,"column":11},"end":{"line":47,"column":null}},"27":{"start":{"line":48,"column":43},"end":{"line":48,"column":null}},"28":{"start":{"line":49,"column":23},"end":{"line":49,"column":null}},"29":{"start":{"line":51,"column":19},"end":{"line":51,"column":null}}},"fnMap":{"0":{"name":"(anonymous_1)","decl":{"start":{"line":11,"column":16},"end":{"line":11,"column":null}},"loc":{"start":{"line":11,"column":13},"end":{"line":11,"column":16}}},"1":{"name":"(anonymous_2)","decl":{"start":{"line":51,"column":16},"end":{"line":51,"column":19}},"loc":{"start":{"line":51,"column":13},"end":{"line":51,"column":16}}},"2":{"name":"(anonymous_5)","decl":{"start":{"line":19,"column":12},"end":{"line":19,"column":21}},"loc":{"start":{"line":19,"column":73},"end":{"line":32,"column":null}}},"3":{"name":"(anonymous_6)","decl":{"start":{"line":34,"column":11},"end":{"line":34,"column":32}},"loc":{"start":{"line":34,"column":32},"end":{"line":36,"column":null}}},"4":{"name":"(anonymous_7)","decl":{"start":{"line":38,"column":11},"end":{"line":38,"column":15}},"loc":{"start":{"line":38,"column":29},"end":{"line":44,"column":null}}},"5":{"name":"(anonymous_8)","decl":{"start":{"line":40,"column":26},"end":{"line":40,"column":32}},"loc":{"start":{"line":40,"column":32},"end":{"line":42,"column":null}}},"6":{"name":"(anonymous_9)","decl":{"start":{"line":14,"column":4},"end":{"line":14,"column":23}},"loc":{"start":{"line":14,"column":75},"end":{"line":17,"column":null}}}},"branchMap":{},"s":{"0":7,"1":0,"2":10,"3":10,"4":10,"5":10,"6":10,"7":10,"8":10,"9":10,"10":10,"11":10,"12":10,"13":17,"14":17,"15":17,"16":17,"17":17,"18":17,"19":17,"20":7,"21":0,"22":0,"23":17,"24":17,"25":17,"26":10,"27":10,"28":10,"29":10},"f":{"0":7,"1":0,"2":17,"3":7,"4":0,"5":0,"6":17},"b":{}}
,"C:\\Users\\danie\\Desktop\\MapMyJourney\\backend\\src\\common\\FileSystemConfig.ts": {"path":"C:\\Users\\danie\\Desktop\\MapMyJourney\\backend\\src\\common\\FileSystemConfig.ts","statementMap":{"0":{"start":{"line":8,"column":13},"end":{"line":8,"column":null}},"1":{"start":{"line":1,"column":15},"end":{"line":1,"column":null}},"2":{"start":{"line":8,"column":7},"end":{"line":26,"column":null}},"3":{"start":{"line":16,"column":8},"end":{"line":16,"column":null}},"4":{"start":{"line":20,"column":8},"end":{"line":24,"column":null}},"5":{"start":{"line":21,"column":12},"end":{"line":23,"column":13}},"6":{"start":{"line":22,"column":16},"end":{"line":22,"column":null}},"7":{"start":{"line":9,"column":4},"end":{"line":9,"column":21}},"8":{"start":{"line":12,"column":8},"end":{"line":12,"column":null}}},"fnMap":{"0":{"name":"(anonymous_0)","decl":{"start":{"line":8,"column":13},"end":{"line":8,"column":null}},"loc":{"start":{"line":8,"column":13},"end":{"line":8,"column":null}}},"1":{"name":"(anonymous_3)","decl":{"start":{"line":15,"column":4},"end":{"line":15,"column":28}},"loc":{"start":{"line":15,"column":28},"end":{"line":17,"column":null}}},"2":{"name":"(anonymous_4)","decl":{"start":{"line":19,"column":4},"end":{"line":19,"column":15}},"loc":{"start":{"line":19,"column":29},"end":{"line":25,"column":null}}},"3":{"name":"(anonymous_5)","decl":{"start":{"line":20,"column":24},"end":{"line":20,"column":25}},"loc":{"start":{"line":20,"column":33},"end":{"line":24,"column":null}}},"4":{"name":"(anonymous_6)","decl":{"start":{"line":11,"column":4},"end":{"line":11,"column":23}},"loc":{"start":{"line":11,"column":43},"end":{"line":13,"column":null}}}},"branchMap":{"0":{"loc":{"start":{"line":21,"column":12},"end":{"line":23,"column":13}},"type":"if","locations":[{"start":{"line":21,"column":12},"end":{"line":23,"column":13}}]}},"s":{"0":18,"1":10,"2":10,"3":28,"4":0,"5":0,"6":0,"7":18,"8":18},"f":{"0":18,"1":28,"2":0,"3":0,"4":18},"b":{"0":[0]}}
,"C:\\Users\\danie\\Desktop\\MapMyJourney\\backend\\src\\errors\\ErrorHandler.ts": {"path":"C:\\Users\\danie\\Desktop\\MapMyJourney\\backend\\src\\errors\\ErrorHandler.ts","statementMap":{"0":{"start":{"line":3,"column":13},"end":{"line":3,"column":null}},"1":{"start":{"line":3,"column":7},"end":{"line":12,"column":null}},"2":{"start":{"line":5,"column":29},"end":{"line":5,"column":null}},"3":{"start":{"line":6,"column":8},"end":{"line":6,"column":null}},"4":{"start":{"line":10,"column":8},"end":{"line":10,"column":null}}},"fnMap":{"0":{"name":"(anonymous_0)","decl":{"start":{"line":3,"column":13},"end":{"line":3,"column":null}},"loc":{"start":{"line":3,"column":13},"end":{"line":3,"column":null}}},"1":{"name":"(anonymous_1)","decl":{"start":{"line":4,"column":4},"end":{"line":4,"column":18}},"loc":{"start":{"line":4,"column":69},"end":{"line":7,"column":null}}},"2":{"name":"(anonymous_2)","decl":{"start":{"line":9,"column":4},"end":{"line":9,"column":19}},"loc":{"start":{"line":9,"column":49},"end":{"line":11,"column":null}}}},"branchMap":{"0":{"loc":{"start":{"line":10,"column":15},"end":{"line":10,"column":71}},"type":"cond-expr","locations":[{"start":{"line":10,"column":38},"end":{"line":10,"column":49}},{"start":{"line":10,"column":52},"end":{"line":10,"column":71}}]}},"s":{"0":4,"1":10,"2":4,"3":4,"4":4},"f":{"0":4,"1":4,"2":4},"b":{"0":[4,0]}}
,"C:\\Users\\danie\\Desktop\\MapMyJourney\\backend\\src\\markers\\MarkersRouter.ts": {"path":"C:\\Users\\danie\\Desktop\\MapMyJourney\\backend\\src\\markers\\MarkersRouter.ts","statementMap":{"0":{"start":{"line":16,"column":13},"end":{"line":16,"column":26}},"1":{"start":{"line":18,"column":13},"end":{"line":18,"column":25}},"2":{"start":{"line":1,"column":42},"end":{"line":1,"column":null}},"3":{"start":{"line":3,"column":19},"end":{"line":3,"column":null}},"4":{"start":{"line":4,"column":54},"end":{"line":4,"column":null}},"5":{"start":{"line":6,"column":27},"end":{"line":6,"column":null}},"6":{"start":{"line":7,"column":41},"end":{"line":7,"column":null}},"7":{"start":{"line":8,"column":60},"end":{"line":8,"column":null}},"8":{"start":{"line":9,"column":40},"end":{"line":9,"column":null}},"9":{"start":{"line":10,"column":58},"end":{"line":10,"column":null}},"10":{"start":{"line":11,"column":54},"end":{"line":11,"column":null}},"11":{"start":{"line":12,"column":45},"end":{"line":12,"column":null}},"12":{"start":{"line":13,"column":68},"end":{"line":13,"column":null}},"13":{"start":{"line":15,"column":15},"end":{"line":15,"column":null}},"14":{"start":{"line":16,"column":29},"end":{"line":16,"column":null}},"15":{"start":{"line":18,"column":7},"end":{"line":107,"column":null}},"16":{"start":{"line":24,"column":8},"end":{"line":30,"column":null}},"17":{"start":{"line":29,"column":16},"end":{"line":29,"column":null}},"18":{"start":{"line":39,"column":8},"end":{"line":45,"column":null}},"19":{"start":{"line":44,"column":16},"end":{"line":44,"column":null}},"20":{"start":{"line":50,"column":8},"end":{"line":52,"column":null}},"21":{"start":{"line":51,"column":12},"end":{"line":51,"column":null}},"22":{"start":{"line":56,"column":24},"end":{"line":65,"column":null}},"23":{"start":{"line":58,"column":16},"end":{"line":58,"column":null}},"24":{"start":{"line":61,"column":28},"end":{"line":61,"column":55}},"25":{"start":{"line":62,"column":37},"end":{"line":62,"column":null}},"26":{"start":{"line":63,"column":16},"end":{"line":63,"column":null}},"27":{"start":{"line":66,"column":26},"end":{"line":66,"column":null}},"28":{"start":{"line":68,"column":8},"end":{"line":77,"column":null}},"29":{"start":{"line":71,"column":16},"end":{"line":73,"column":17}},"30":{"start":{"line":72,"column":20},"end":{"line":72,"column":null}},"31":{"start":{"line":75,"column":16},"end":{"line":75,"column":null}},"32":{"start":{"line":81,"column":31},"end":{"line":81,"column":null}},"33":{"start":{"line":83,"column":51},"end":{"line":87,"column":null}},"34":{"start":{"line":90,"column":68},"end":{"line":91,"column":null}},"35":{"start":{"line":93,"column":8},"end":{"line":93,"column":null}},"36":{"start":{"line":95,"column":60},"end":{"line":96,"column":null}},"37":{"start":{"line":98,"column":8},"end":{"line":98,"column":null}},"38":{"start":{"line":100,"column":58},"end":{"line":101,"column":null}},"39":{"start":{"line":103,"column":8},"end":{"line":103,"column":null}},"40":{"start":{"line":105,"column":8},"end":{"line":105,"column":null}}},"fnMap":{"0":{"name":"(anonymous_1)","decl":{"start":{"line":16,"column":26},"end":{"line":16,"column":29}},"loc":{"start":{"line":16,"column":13},"end":{"line":16,"column":26}}},"1":{"name":"(anonymous_2)","decl":{"start":{"line":18,"column":25},"end":{"line":18,"column":null}},"loc":{"start":{"line":18,"column":13},"end":{"line":18,"column":25}}},"2":{"name":"(anonymous_4)","decl":{"start":{"line":19,"column":4},"end":{"line":19,"column":19}},"loc":{"start":{"line":23,"column":6},"end":{"line":32,"column":null}}},"3":{"name":"(anonymous_5)","decl":{"start":{"line":28,"column":12},"end":{"line":28,"column":19}},"loc":{"start":{"line":28,"column":51},"end":{"line":30,"column":null}}},"4":{"name":"(anonymous_6)","decl":{"start":{"line":34,"column":4},"end":{"line":34,"column":19}},"loc":{"start":{"line":38,"column":6},"end":{"line":47,"column":null}}},"5":{"name":"(anonymous_7)","decl":{"start":{"line":43,"column":12},"end":{"line":43,"column":19}},"loc":{"start":{"line":43,"column":51},"end":{"line":45,"column":null}}},"6":{"name":"(anonymous_8)","decl":{"start":{"line":49,"column":4},"end":{"line":49,"column":19}},"loc":{"start":{"line":49,"column":98},"end":{"line":53,"column":null}}},"7":{"name":"(anonymous_9)","decl":{"start":{"line":50,"column":46},"end":{"line":50,"column":53}},"loc":{"start":{"line":50,"column":85},"end":{"line":52,"column":null}}},"8":{"name":"(anonymous_10)","decl":{"start":{"line":55,"column":4},"end":{"line":55,"column":19}},"loc":{"start":{"line":55,"column":77},"end":{"line":78,"column":null}}},"9":{"name":"(anonymous_11)","decl":{"start":{"line":57,"column":25},"end":{"line":57,"column":35}},"loc":{"start":{"line":57,"column":52},"end":{"line":59,"column":null}}},"10":{"name":"(anonymous_12)","decl":{"start":{"line":60,"column":22},"end":{"line":60,"column":32}},"loc":{"start":{"line":60,"column":48},"end":{"line":64,"column":null}}},"11":{"name":"(anonymous_13)","decl":{"start":{"line":70,"column":24},"end":{"line":70,"column":25}},"loc":{"start":{"line":70,"column":44},"end":{"line":76,"column":null}}},"12":{"name":"(anonymous_14)","decl":{"start":{"line":80,"column":4},"end":{"line":80,"column":18}},"loc":{"start":{"line":80,"column":78},"end":{"line":106,"column":null}}}},"branchMap":{"0":{"loc":{"start":{"line":71,"column":16},"end":{"line":73,"column":17}},"type":"if","locations":[{"start":{"line":71,"column":16},"end":{"line":73,"column":17}}]}},"s":{"0":11,"1":17,"2":10,"3":10,"4":10,"5":10,"6":10,"7":10,"8":10,"9":10,"10":10,"11":10,"12":10,"13":10,"14":10,"15":10,"16":17,"17":4,"18":17,"19":0,"20":17,"21":3,"22":34,"23":11,"24":11,"25":11,"26":11,"27":34,"28":34,"29":11,"30":0,"31":11,"32":17,"33":17,"34":17,"35":17,"36":17,"37":17,"38":17,"39":17,"40":17},"f":{"0":11,"1":17,"2":17,"3":4,"4":17,"5":0,"6":17,"7":3,"8":34,"9":11,"10":11,"11":11,"12":17},"b":{"0":[0]}}
,"C:\\Users\\danie\\Desktop\\MapMyJourney\\backend\\src\\markers\\edit-marker\\EditMarkerCommand.ts": {"path":"C:\\Users\\danie\\Desktop\\MapMyJourney\\backend\\src\\markers\\edit-marker\\EditMarkerCommand.ts","statementMap":{"0":{"start":{"line":9,"column":13},"end":{"line":9,"column":null}},"1":{"start":{"line":9,"column":7},"end":{"line":41,"column":null}},"2":{"start":{"line":10,"column":4},"end":{"line":10,"column":20}},"3":{"start":{"line":11,"column":4},"end":{"line":11,"column":20}},"4":{"start":{"line":12,"column":4},"end":{"line":12,"column":20}},"5":{"start":{"line":13,"column":4},"end":{"line":13,"column":20}},"6":{"start":{"line":14,"column":4},"end":{"line":14,"column":20}},"7":{"start":{"line":15,"column":4},"end":{"line":15,"column":20}},"8":{"start":{"line":16,"column":4},"end":{"line":16,"column":20}},"9":{"start":{"line":17,"column":4},"end":{"line":17,"column":20}},"10":{"start":{"line":18,"column":4},"end":{"line":18,"column":20}},"11":{"start":{"line":31,"column":8},"end":{"line":31,"column":null}},"12":{"start":{"line":32,"column":8},"end":{"line":32,"column":null}},"13":{"start":{"line":33,"column":8},"end":{"line":33,"column":null}},"14":{"start":{"line":34,"column":8},"end":{"line":34,"column":null}},"15":{"start":{"line":35,"column":8},"end":{"line":35,"column":null}},"16":{"start":{"line":36,"column":8},"end":{"line":36,"column":null}},"17":{"start":{"line":37,"column":8},"end":{"line":37,"column":null}},"18":{"start":{"line":38,"column":8},"end":{"line":38,"column":null}},"19":{"start":{"line":39,"column":8},"end":{"line":39,"column":null}}},"fnMap":{"0":{"name":"(anonymous_0)","decl":{"start":{"line":9,"column":13},"end":{"line":9,"column":null}},"loc":{"start":{"line":9,"column":13},"end":{"line":9,"column":null}}},"1":{"name":"(anonymous_2)","decl":{"start":{"line":20,"column":4},"end":{"line":20,"column":null}},"loc":{"start":{"line":30,"column":6},"end":{"line":40,"column":null}}}},"branchMap":{},"s":{"0":0,"1":10,"2":0,"3":0,"4":0,"5":0,"6":0,"7":0,"8":0,"9":0,"10":0,"11":0,"12":0,"13":0,"14":0,"15":0,"16":0,"17":0,"18":0,"19":0},"f":{"0":0,"1":0},"b":{}}
,"C:\\Users\\danie\\Desktop\\MapMyJourney\\backend\\src\\markers\\edit-marker\\EditMarkerCommandHandler.ts": {"path":"C:\\Users\\danie\\Desktop\\MapMyJourney\\backend\\src\\markers\\edit-marker\\EditMarkerCommandHandler.ts","statementMap":{"0":{"start":{"line":9,"column":13},"end":{"line":9,"column":null}},"1":{"start":{"line":9,"column":7},"end":{"line":36,"column":null}},"2":{"start":{"line":17,"column":48},"end":{"line":17,"column":null}},"3":{"start":{"line":18,"column":8},"end":{"line":20,"column":9}},"4":{"start":{"line":19,"column":12},"end":{"line":19,"column":46}},"5":{"start":{"line":21,"column":37},"end":{"line":30,"column":null}},"6":{"start":{"line":33,"column":41},"end":{"line":33,"column":null}},"7":{"start":{"line":34,"column":8},"end":{"line":34,"column":null}},"8":{"start":{"line":10,"column":4},"end":{"line":10,"column":21}},"9":{"start":{"line":13,"column":8},"end":{"line":13,"column":null}}},"fnMap":{"0":{"name":"(anonymous_0)","decl":{"start":{"line":9,"column":13},"end":{"line":9,"column":null}},"loc":{"start":{"line":9,"column":13},"end":{"line":9,"column":null}}},"1":{"name":"(anonymous_2)","decl":{"start":{"line":16,"column":4},"end":{"line":16,"column":17}},"loc":{"start":{"line":16,"column":76},"end":{"line":35,"column":null}}},"2":{"name":"(anonymous_3)","decl":{"start":{"line":12,"column":4},"end":{"line":12,"column":23}},"loc":{"start":{"line":12,"column":59},"end":{"line":14,"column":null}}}},"branchMap":{"0":{"loc":{"start":{"line":18,"column":8},"end":{"line":20,"column":9}},"type":"if","locations":[{"start":{"line":18,"column":8},"end":{"line":20,"column":9}}]}},"s":{"0":17,"1":10,"2":0,"3":0,"4":0,"5":0,"6":0,"7":0,"8":17,"9":17},"f":{"0":17,"1":0,"2":17},"b":{"0":[0]}}
,"C:\\Users\\danie\\Desktop\\MapMyJourney\\backend\\src\\markers\\edit-marker\\EditMarkerController.ts": {"path":"C:\\Users\\danie\\Desktop\\MapMyJourney\\backend\\src\\markers\\edit-marker\\EditMarkerController.ts","statementMap":{"0":{"start":{"line":19,"column":13},"end":{"line":19,"column":null}},"1":{"start":{"line":2,"column":29},"end":{"line":2,"column":null}},"2":{"start":{"line":3,"column":23},"end":{"line":3,"column":null}},"3":{"start":{"line":5,"column":25},"end":{"line":5,"column":null}},"4":{"start":{"line":6,"column":28},"end":{"line":6,"column":null}},"5":{"start":{"line":7,"column":31},"end":{"line":7,"column":null}},"6":{"start":{"line":8,"column":29},"end":{"line":8,"column":null}},"7":{"start":{"line":9,"column":28},"end":{"line":9,"column":null}},"8":{"start":{"line":10,"column":34},"end":{"line":10,"column":null}},"9":{"start":{"line":19,"column":7},"end":{"line":67,"column":null}},"10":{"start":{"line":27,"column":8},"end":{"line":48,"column":null}},"11":{"start":{"line":28,"column":30},"end":{"line":28,"column":null}},"12":{"start":{"line":28,"column":102},"end":{"line":28,"column":115}},"13":{"start":{"line":29,"column":57},"end":{"line":29,"column":65}},"14":{"start":{"line":31,"column":47},"end":{"line":40,"column":null}},"15":{"start":{"line":40,"column":44},"end":{"line":40,"column":null}},"16":{"start":{"line":43,"column":48},"end":{"line":43,"column":null}},"17":{"start":{"line":44,"column":59},"end":{"line":44,"column":null}},"18":{"start":{"line":45,"column":12},"end":{"line":45,"column":null}},"19":{"start":{"line":47,"column":12},"end":{"line":47,"column":null}},"20":{"start":{"line":52,"column":8},"end":{"line":65,"column":null}},"21":{"start":{"line":63,"column":16},"end":{"line":63,"column":null}},"22":{"start":{"line":20,"column":4},"end":{"line":20,"column":21}},"23":{"start":{"line":23,"column":8},"end":{"line":23,"column":null}}},"fnMap":{"0":{"name":"(anonymous_0)","decl":{"start":{"line":19,"column":13},"end":{"line":19,"column":null}},"loc":{"start":{"line":19,"column":13},"end":{"line":19,"column":null}}},"1":{"name":"(anonymous_2)","decl":{"start":{"line":26,"column":4},"end":{"line":26,"column":17}},"loc":{"start":{"line":26,"column":76},"end":{"line":49,"column":null}}},"2":{"name":"(anonymous_3)","decl":{"start":{"line":28,"column":71},"end":{"line":28,"column":72}},"loc":{"start":{"line":28,"column":102},"end":{"line":28,"column":115}}},"3":{"name":"(anonymous_4)","decl":{"start":{"line":40,"column":30},"end":{"line":40,"column":31}},"loc":{"start":{"line":40,"column":44},"end":{"line":40,"column":null}}},"4":{"name":"(anonymous_5)","decl":{"start":{"line":51,"column":12},"end":{"line":51,"column":23}},"loc":{"start":{"line":51,"column":64},"end":{"line":66,"column":null}}},"5":{"name":"(anonymous_6)","decl":{"start":{"line":62,"column":43},"end":{"line":62,"column":44}},"loc":{"start":{"line":62,"column":54},"end":{"line":64,"column":null}}},"6":{"name":"(anonymous_7)","decl":{"start":{"line":22,"column":4},"end":{"line":22,"column":23}},"loc":{"start":{"line":22,"column":66},"end":{"line":24,"column":null}}}},"branchMap":{"0":{"loc":{"start":{"line":37,"column":16},"end":{"line":37,"column":102}},"type":"cond-expr","locations":[{"start":{"line":37,"column":57},"end":{"line":37,"column":61}},{"start":{"line":37,"column":64},"end":{"line":37,"column":102}}]},"1":{"loc":{"start":{"line":38,"column":16},"end":{"line":38,"column":99}},"type":"cond-expr","locations":[{"start":{"line":38,"column":56},"end":{"line":38,"column":60}},{"start":{"line":38,"column":63},"end":{"line":38,"column":99}}]}},"s":{"0":17,"1":10,"2":10,"3":10,"4":10,"5":10,"6":10,"7":10,"8":10,"9":10,"10":0,"11":0,"12":0,"13":0,"14":0,"15":0,"16":0,"17":0,"18":0,"19":0,"20":0,"21":0,"22":17,"23":17},"f":{"0":17,"1":0,"2":0,"3":0,"4":0,"5":0,"6":17},"b":{"0":[0,0],"1":[0,0]}}
,"C:\\Users\\danie\\Desktop\\MapMyJourney\\backend\\src\\markers\\get-marker\\GetMarkerCommand.ts": {"path":"C:\\Users\\danie\\Desktop\\MapMyJourney\\backend\\src\\markers\\get-marker\\GetMarkerCommand.ts","statementMap":{"0":{"start":{"line":4,"column":13},"end":{"line":4,"column":null}},"1":{"start":{"line":4,"column":7},"end":{"line":10,"column":null}},"2":{"start":{"line":5,"column":4},"end":{"line":5,"column":20}},"3":{"start":{"line":8,"column":8},"end":{"line":8,"column":null}}},"fnMap":{"0":{"name":"(anonymous_0)","decl":{"start":{"line":4,"column":13},"end":{"line":4,"column":null}},"loc":{"start":{"line":4,"column":13},"end":{"line":4,"column":null}}},"1":{"name":"(anonymous_2)","decl":{"start":{"line":7,"column":4},"end":{"line":7,"column":23}},"loc":{"start":{"line":7,"column":39},"end":{"line":9,"column":null}}}},"branchMap":{},"s":{"0":3,"1":10,"2":3,"3":3},"f":{"0":3,"1":3},"b":{}}
,"C:\\Users\\danie\\Desktop\\MapMyJourney\\backend\\src\\markers\\get-marker\\GetMarkerCommandHandler.ts": {"path":"C:\\Users\\danie\\Desktop\\MapMyJourney\\backend\\src\\markers\\get-marker\\GetMarkerCommandHandler.ts","statementMap":{"0":{"start":{"line":8,"column":13},"end":{"line":8,"column":null}},"1":{"start":{"line":8,"column":7},"end":{"line":21,"column":null}},"2":{"start":{"line":16,"column":23},"end":{"line":16,"column":37}},"3":{"start":{"line":18,"column":50},"end":{"line":18,"column":null}},"4":{"start":{"line":19,"column":8},"end":{"line":19,"column":null}},"5":{"start":{"line":9,"column":4},"end":{"line":9,"column":21}},"6":{"start":{"line":12,"column":8},"end":{"line":12,"column":null}}},"fnMap":{"0":{"name":"(anonymous_0)","decl":{"start":{"line":8,"column":13},"end":{"line":8,"column":null}},"loc":{"start":{"line":8,"column":13},"end":{"line":8,"column":null}}},"1":{"name":"(anonymous_2)","decl":{"start":{"line":15,"column":4},"end":{"line":15,"column":17}},"loc":{"start":{"line":15,"column":77},"end":{"line":20,"column":null}}},"2":{"name":"(anonymous_3)","decl":{"start":{"line":11,"column":4},"end":{"line":11,"column":23}},"loc":{"start":{"line":11,"column":59},"end":{"line":13,"column":null}}}},"branchMap":{},"s":{"0":17,"1":10,"2":3,"3":3,"4":3,"5":17,"6":17},"f":{"0":17,"1":3,"2":17},"b":{}}
,"C:\\Users\\danie\\Desktop\\MapMyJourney\\backend\\src\\markers\\get-marker\\GetMarkerController.ts": {"path":"C:\\Users\\danie\\Desktop\\MapMyJourney\\backend\\src\\markers\\get-marker\\GetMarkerController.ts","statementMap":{"0":{"start":{"line":12,"column":13},"end":{"line":12,"column":null}},"1":{"start":{"line":2,"column":23},"end":{"line":2,"column":null}},"2":{"start":{"line":4,"column":33},"end":{"line":4,"column":null}},"3":{"start":{"line":12,"column":7},"end":{"line":42,"column":null}},"4":{"start":{"line":20,"column":42},"end":{"line":20,"column":null}},"5":{"start":{"line":22,"column":41},"end":{"line":22,"column":null}},"6":{"start":{"line":23,"column":8},"end":{"line":23,"column":null}},"7":{"start":{"line":23,"column":85},"end":{"line":23,"column":111}},"8":{"start":{"line":27,"column":8},"end":{"line":40,"column":null}},"9":{"start":{"line":38,"column":16},"end":{"line":38,"column":null}},"10":{"start":{"line":13,"column":4},"end":{"line":13,"column":21}},"11":{"start":{"line":16,"column":8},"end":{"line":16,"column":null}}},"fnMap":{"0":{"name":"(anonymous_0)","decl":{"start":{"line":12,"column":13},"end":{"line":12,"column":null}},"loc":{"start":{"line":12,"column":13},"end":{"line":12,"column":null}}},"1":{"name":"(anonymous_2)","decl":{"start":{"line":19,"column":4},"end":{"line":19,"column":17}},"loc":{"start":{"line":19,"column":75},"end":{"line":24,"column":null}}},"2":{"name":"(anonymous_3)","decl":{"start":{"line":23,"column":72},"end":{"line":23,"column":73}},"loc":{"start":{"line":23,"column":85},"end":{"line":23,"column":111}}},"3":{"name":"(anonymous_4)","decl":{"start":{"line":26,"column":12},"end":{"line":26,"column":23}},"loc":{"start":{"line":26,"column":60},"end":{"line":41,"column":null}}},"4":{"name":"(anonymous_5)","decl":{"start":{"line":37,"column":43},"end":{"line":37,"column":44}},"loc":{"start":{"line":37,"column":54},"end":{"line":39,"column":null}}},"5":{"name":"(anonymous_6)","decl":{"start":{"line":15,"column":4},"end":{"line":15,"column":23}},"loc":{"start":{"line":15,"column":65},"end":{"line":17,"column":null}}}},"branchMap":{},"s":{"0":17,"1":10,"2":10,"3":10,"4":3,"5":3,"6":3,"7":3,"8":3,"9":3,"10":17,"11":17},"f":{"0":17,"1":3,"2":3,"3":3,"4":3,"5":17},"b":{}}
,"C:\\Users\\danie\\Desktop\\MapMyJourney\\backend\\src\\markers\\marker\\Marker.ts": {"path":"C:\\Users\\danie\\Desktop\\MapMyJourney\\backend\\src\\markers\\marker\\Marker.ts","statementMap":{"0":{"start":{"line":8,"column":13},"end":{"line":8,"column":null}},"1":{"start":{"line":8,"column":7},"end":{"line":77,"column":null}},"2":{"start":{"line":52,"column":8},"end":{"line":54,"column":9}},"3":{"start":{"line":53,"column":12},"end":{"line":53,"column":70}},"4":{"start":{"line":55,"column":8},"end":{"line":55,"column":null}},"5":{"start":{"line":69,"column":8},"end":{"line":71,"column":9}},"6":{"start":{"line":70,"column":12},"end":{"line":70,"column":68}},"7":{"start":{"line":72,"column":8},"end":{"line":74,"column":9}},"8":{"start":{"line":73,"column":12},"end":{"line":73,"column":70}},"9":{"start":{"line":75,"column":8},"end":{"line":75,"column":null}},"10":{"start":{"line":9,"column":4},"end":{"line":9,"column":20}},"11":{"start":{"line":10,"column":4},"end":{"line":10,"column":20}},"12":{"start":{"line":11,"column":4},"end":{"line":11,"column":20}},"13":{"start":{"line":12,"column":4},"end":{"line":12,"column":20}},"14":{"start":{"line":13,"column":4},"end":{"line":13,"column":20}},"15":{"start":{"line":14,"column":4},"end":{"line":14,"column":20}},"16":{"start":{"line":15,"column":4},"end":{"line":15,"column":20}},"17":{"start":{"line":16,"column":4},"end":{"line":16,"column":20}},"18":{"start":{"line":17,"column":4},"end":{"line":17,"column":20}},"19":{"start":{"line":30,"column":8},"end":{"line":30,"column":null}},"20":{"start":{"line":31,"column":8},"end":{"line":31,"column":null}},"21":{"start":{"line":32,"column":8},"end":{"line":32,"column":null}},"22":{"start":{"line":33,"column":8},"end":{"line":33,"column":null}},"23":{"start":{"line":34,"column":8},"end":{"line":34,"column":null}},"24":{"start":{"line":35,"column":8},"end":{"line":35,"column":null}},"25":{"start":{"line":36,"column":8},"end":{"line":36,"column":null}},"26":{"start":{"line":37,"column":8},"end":{"line":37,"column":null}},"27":{"start":{"line":38,"column":8},"end":{"line":38,"column":null}}},"fnMap":{"0":{"name":"(anonymous_0)","decl":{"start":{"line":8,"column":13},"end":{"line":8,"column":null}},"loc":{"start":{"line":8,"column":13},"end":{"line":8,"column":null}}},"1":{"name":"(anonymous_2)","decl":{"start":{"line":41,"column":4},"end":{"line":41,"column":18}},"loc":{"start":{"line":51,"column":14},"end":{"line":56,"column":null}}},"2":{"name":"(anonymous_3)","decl":{"start":{"line":58,"column":11},"end":{"line":58,"column":null}},"loc":{"start":{"line":68,"column":14},"end":{"line":76,"column":null}}},"3":{"name":"(anonymous_4)","decl":{"start":{"line":19,"column":4},"end":{"line":19,"column":null}},"loc":{"start":{"line":29,"column":6},"end":{"line":39,"column":null}}}},"branchMap":{"0":{"loc":{"start":{"line":52,"column":8},"end":{"line":54,"column":9}},"type":"if","locations":[{"start":{"line":52,"column":8},"end":{"line":54,"column":9}}]},"1":{"loc":{"start":{"line":69,"column":8},"end":{"line":71,"column":9}},"type":"if","locations":[{"start":{"line":69,"column":8},"end":{"line":71,"column":9}}]},"2":{"loc":{"start":{"line":72,"column":8},"end":{"line":74,"column":9}},"type":"if","locations":[{"start":{"line":72,"column":8},"end":{"line":74,"column":9}}]}},"s":{"0":22,"1":11,"2":22,"3":1,"4":21,"5":3,"6":1,"7":2,"8":1,"9":1,"10":22,"11":22,"12":22,"13":22,"14":22,"15":22,"16":22,"17":22,"18":22,"19":22,"20":22,"21":22,"22":22,"23":22,"24":22,"25":22,"26":22,"27":22},"f":{"0":22,"1":22,"2":3,"3":22},"b":{"0":[1],"1":[1],"2":[1]}}
,"C:\\Users\\danie\\Desktop\\MapMyJourney\\backend\\src\\markers\\marker\\MarkerId.ts": {"path":"C:\\Users\\danie\\Desktop\\MapMyJourney\\backend\\src\\markers\\marker\\MarkerId.ts","statementMap":{"0":{"start":{"line":3,"column":13},"end":{"line":3,"column":null}},"1":{"start":{"line":1,"column":41},"end":{"line":1,"column":null}},"2":{"start":{"line":3,"column":7},"end":{"line":20,"column":null}},"3":{"start":{"line":11,"column":8},"end":{"line":11,"column":null}},"4":{"start":{"line":15,"column":8},"end":{"line":17,"column":9}},"5":{"start":{"line":16,"column":12},"end":{"line":16,"column":null}},"6":{"start":{"line":18,"column":8},"end":{"line":18,"column":38}},"7":{"start":{"line":4,"column":4},"end":{"line":4,"column":20}},"8":{"start":{"line":7,"column":8},"end":{"line":7,"column":null}}},"fnMap":{"0":{"name":"(anonymous_0)","decl":{"start":{"line":3,"column":13},"end":{"line":3,"column":null}},"loc":{"start":{"line":3,"column":13},"end":{"line":3,"column":null}}},"1":{"name":"(anonymous_2)","decl":{"start":{"line":10,"column":4},"end":{"line":10,"column":19}},"loc":{"start":{"line":10,"column":48},"end":{"line":12,"column":null}}},"2":{"name":"(anonymous_3)","decl":{"start":{"line":14,"column":4},"end":{"line":14,"column":18}},"loc":{"start":{"line":14,"column":47},"end":{"line":19,"column":null}}},"3":{"name":"(anonymous_4)","decl":{"start":{"line":6,"column":4},"end":{"line":6,"column":24}},"loc":{"start":{"line":6,"column":36},"end":{"line":8,"column":null}}}},"branchMap":{"0":{"loc":{"start":{"line":15,"column":8},"end":{"line":17,"column":9}},"type":"if","locations":[{"start":{"line":15,"column":8},"end":{"line":17,"column":9}}]}},"s":{"0":32,"1":12,"2":12,"3":32,"4":32,"5":31,"6":1,"7":31,"8":31},"f":{"0":32,"1":32,"2":32,"3":31},"b":{"0":[31]}}
,"C:\\Users\\danie\\Desktop\\MapMyJourney\\backend\\src\\markers\\marker\\MarkerPhoto.ts": {"path":"C:\\Users\\danie\\Desktop\\MapMyJourney\\backend\\src\\markers\\marker\\MarkerPhoto.ts","statementMap":{"0":{"start":{"line":1,"column":13},"end":{"line":1,"column":null}},"1":{"start":{"line":1,"column":7},"end":{"line":18,"column":null}},"2":{"start":{"line":9,"column":8},"end":{"line":9,"column":null}},"3":{"start":{"line":13,"column":8},"end":{"line":15,"column":9}},"4":{"start":{"line":14,"column":12},"end":{"line":14,"column":null}},"5":{"start":{"line":16,"column":8},"end":{"line":16,"column":41}},"6":{"start":{"line":2,"column":4},"end":{"line":2,"column":20}},"7":{"start":{"line":5,"column":8},"end":{"line":5,"column":null}}},"fnMap":{"0":{"name":"(anonymous_0)","decl":{"start":{"line":1,"column":13},"end":{"line":1,"column":null}},"loc":{"start":{"line":1,"column":13},"end":{"line":1,"column":null}}},"1":{"name":"(anonymous_2)","decl":{"start":{"line":8,"column":4},"end":{"line":8,"column":19}},"loc":{"start":{"line":8,"column":54},"end":{"line":10,"column":null}}},"2":{"name":"(anonymous_3)","decl":{"start":{"line":12,"column":4},"end":{"line":12,"column":18}},"loc":{"start":{"line":12,"column":56},"end":{"line":17,"column":null}}},"3":{"name":"(anonymous_4)","decl":{"start":{"line":4,"column":4},"end":{"line":4,"column":24}},"loc":{"start":{"line":4,"column":42},"end":{"line":6,"column":null}}}},"branchMap":{"0":{"loc":{"start":{"line":13,"column":8},"end":{"line":15,"column":9}},"type":"if","locations":[{"start":{"line":13,"column":8},"end":{"line":15,"column":9}}]}},"s":{"0":54,"1":12,"2":54,"3":54,"4":54,"5":0,"6":54,"7":54},"f":{"0":54,"1":54,"2":54,"3":54},"b":{"0":[54]}}
,"C:\\Users\\danie\\Desktop\\MapMyJourney\\backend\\src\\markers\\marker\\MarkerPosition.ts": {"path":"C:\\Users\\danie\\Desktop\\MapMyJourney\\backend\\src\\markers\\marker\\MarkerPosition.ts","statementMap":{"0":{"start":{"line":1,"column":13},"end":{"line":1,"column":null}},"1":{"start":{"line":1,"column":7},"end":{"line":20,"column":null}},"2":{"start":{"line":11,"column":8},"end":{"line":11,"column":null}},"3":{"start":{"line":15,"column":8},"end":{"line":17,"column":9}},"4":{"start":{"line":16,"column":12},"end":{"line":16,"column":null}},"5":{"start":{"line":18,"column":8},"end":{"line":18,"column":44}},"6":{"start":{"line":2,"column":4},"end":{"line":2,"column":20}},"7":{"start":{"line":3,"column":4},"end":{"line":3,"column":20}},"8":{"start":{"line":6,"column":8},"end":{"line":6,"column":null}},"9":{"start":{"line":7,"column":8},"end":{"line":7,"column":null}}},"fnMap":{"0":{"name":"(anonymous_0)","decl":{"start":{"line":1,"column":13},"end":{"line":1,"column":null}},"loc":{"start":{"line":1,"column":13},"end":{"line":1,"column":null}}},"1":{"name":"(anonymous_2)","decl":{"start":{"line":10,"column":4},"end":{"line":10,"column":19}},"loc":{"start":{"line":10,"column":62},"end":{"line":12,"column":null}}},"2":{"name":"(anonymous_3)","decl":{"start":{"line":14,"column":4},"end":{"line":14,"column":18}},"loc":{"start":{"line":14,"column":67},"end":{"line":19,"column":null}}},"3":{"name":"(anonymous_4)","decl":{"start":{"line":5,"column":4},"end":{"line":5,"column":24}},"loc":{"start":{"line":5,"column":50},"end":{"line":8,"column":null}}}},"branchMap":{"0":{"loc":{"start":{"line":11,"column":15},"end":{"line":11,"column":null}},"type":"binary-expr","locations":[{"start":{"line":11,"column":15},"end":{"line":11,"column":26}},{"start":{"line":11,"column":30},"end":{"line":11,"column":41}},{"start":{"line":11,"column":45},"end":{"line":11,"column":58}},{"start":{"line":11,"column":58},"end":{"line":11,"column":70}},{"start":{"line":11,"column":70},"end":{"line":11,"column":84}},{"start":{"line":11,"column":84},"end":{"line":11,"column":null}}]},"1":{"loc":{"start":{"line":15,"column":8},"end":{"line":17,"column":9}},"type":"if","locations":[{"start":{"line":15,"column":8},"end":{"line":17,"column":9}}]}},"s":{"0":28,"1":12,"2":28,"3":28,"4":25,"5":3,"6":25,"7":25,"8":25,"9":25},"f":{"0":28,"1":28,"2":28,"3":25},"b":{"0":[28,28,28,27,26,26],"1":[25]}}
,"C:\\Users\\danie\\Desktop\\MapMyJourney\\backend\\src\\markers\\marker\\MarkerRepository.ts": {"path":"C:\\Users\\danie\\Desktop\\MapMyJourney\\backend\\src\\markers\\marker\\MarkerRepository.ts","statementMap":{"0":{"start":{"line":20,"column":13},"end":{"line":20,"column":null}},"1":{"start":{"line":3,"column":23},"end":{"line":3,"column":null}},"2":{"start":{"line":4,"column":23},"end":{"line":4,"column":null}},"3":{"start":{"line":5,"column":25},"end":{"line":5,"column":null}},"4":{"start":{"line":7,"column":28},"end":{"line":7,"column":null}},"5":{"start":{"line":9,"column":31},"end":{"line":9,"column":null}},"6":{"start":{"line":10,"column":29},"end":{"line":10,"column":null}},"7":{"start":{"line":11,"column":28},"end":{"line":11,"column":null}},"8":{"start":{"line":20,"column":7},"end":{"line":168,"column":null}},"9":{"start":{"line":47,"column":52},"end":{"line":47,"column":null}},"10":{"start":{"line":49,"column":37},"end":{"line":59,"column":null}},"11":{"start":{"line":50,"column":34},"end":{"line":50,"column":null}},"12":{"start":{"line":52,"column":64},"end":{"line":53,"column":null}},"13":{"start":{"line":53,"column":16},"end":{"line":53,"column":null}},"14":{"start":{"line":55,"column":12},"end":{"line":57,"column":13}},"15":{"start":{"line":56,"column":16},"end":{"line":56,"column":null}},"16":{"start":{"line":58,"column":12},"end":{"line":58,"column":null}},"17":{"start":{"line":60,"column":32},"end":{"line":60,"column":48}},"18":{"start":{"line":62,"column":8},"end":{"line":62,"column":null}},"19":{"start":{"line":66,"column":52},"end":{"line":66,"column":null}},"20":{"start":{"line":68,"column":37},"end":{"line":93,"column":null}},"21":{"start":{"line":69,"column":34},"end":{"line":71,"column":null}},"22":{"start":{"line":73,"column":64},"end":{"line":74,"column":null}},"23":{"start":{"line":74,"column":16},"end":{"line":74,"column":null}},"24":{"start":{"line":76,"column":69},"end":{"line":78,"column":null}},"25":{"start":{"line":79,"column":12},"end":{"line":87,"column":13}},"26":{"start":{"line":80,"column":16},"end":{"line":81,"column":null}},"27":{"start":{"line":81,"column":20},"end":{"line":81,"column":null}},"28":{"start":{"line":84,"column":16},"end":{"line":86,"column":null}},"29":{"start":{"line":88,"column":12},"end":{"line":90,"column":13}},"30":{"start":{"line":89,"column":16},"end":{"line":89,"column":null}},"31":{"start":{"line":92,"column":12},"end":{"line":92,"column":null}},"32":{"start":{"line":94,"column":32},"end":{"line":94,"column":48}},"33":{"start":{"line":96,"column":8},"end":{"line":96,"column":null}},"34":{"start":{"line":100,"column":31},"end":{"line":100,"column":null}},"35":{"start":{"line":102,"column":8},"end":{"line":104,"column":9}},"36":{"start":{"line":103,"column":12},"end":{"line":103,"column":null}},"37":{"start":{"line":105,"column":65},"end":{"line":107,"column":null}},"38":{"start":{"line":110,"column":28},"end":{"line":110,"column":null}},"39":{"start":{"line":112,"column":8},"end":{"line":112,"column":null}},"40":{"start":{"line":116,"column":31},"end":{"line":116,"column":null}},"41":{"start":{"line":118,"column":8},"end":{"line":120,"column":9}},"42":{"start":{"line":119,"column":12},"end":{"line":119,"column":null}},"43":{"start":{"line":122,"column":50},"end":{"line":128,"column":null}},"44":{"start":{"line":123,"column":69},"end":{"line":125,"column":null}},"45":{"start":{"line":127,"column":12},"end":{"line":127,"column":null}},"46":{"start":{"line":129,"column":34},"end":{"line":129,"column":null}},"47":{"start":{"line":131,"column":8},"end":{"line":131,"column":null}},"48":{"start":{"line":135,"column":8},"end":{"line":144,"column":null}},"49":{"start":{"line":144,"column":36},"end":{"line":144,"column":null}},"50":{"start":{"line":149,"column":8},"end":{"line":159,"column":null}},"51":{"start":{"line":163,"column":8},"end":{"line":166,"column":null}},"52":{"start":{"line":21,"column":4},"end":{"line":21,"column":21}},"53":{"start":{"line":22,"column":4},"end":{"line":22,"column":21}},"54":{"start":{"line":23,"column":4},"end":{"line":23,"column":21}},"55":{"start":{"line":24,"column":4},"end":{"line":24,"column":21}},"56":{"start":{"line":38,"column":4},"end":{"line":40,"column":null}},"57":{"start":{"line":39,"column":8},"end":{"line":39,"column":null}},"58":{"start":{"line":42,"column":4},"end":{"line":44,"column":null}},"59":{"start":{"line":43,"column":8},"end":{"line":43,"column":null}},"60":{"start":{"line":32,"column":8},"end":{"line":32,"column":null}},"61":{"start":{"line":33,"column":8},"end":{"line":33,"column":null}},"62":{"start":{"line":34,"column":8},"end":{"line":34,"column":null}},"63":{"start":{"line":35,"column":8},"end":{"line":35,"column":null}}},"fnMap":{"0":{"name":"(anonymous_0)","decl":{"start":{"line":20,"column":13},"end":{"line":20,"column":null}},"loc":{"start":{"line":20,"column":13},"end":{"line":20,"column":null}}},"1":{"name":"(anonymous_2)","decl":{"start":{"line":46,"column":4},"end":{"line":46,"column":17}},"loc":{"start":{"line":46,"column":59},"end":{"line":63,"column":null}}},"2":{"name":"(anonymous_3)","decl":{"start":{"line":49,"column":65},"end":{"line":49,"column":72}},"loc":{"start":{"line":49,"column":80},"end":{"line":59,"column":null}}},"3":{"name":"(anonymous_4)","decl":{"start":{"line":52,"column":82},"end":{"line":52,"column":83}},"loc":{"start":{"line":53,"column":16},"end":{"line":53,"column":null}}},"4":{"name":"(anonymous_5)","decl":{"start":{"line":65,"column":4},"end":{"line":65,"column":17}},"loc":{"start":{"line":65,"column":59},"end":{"line":97,"column":null}}},"5":{"name":"(anonymous_6)","decl":{"start":{"line":68,"column":65},"end":{"line":68,"column":72}},"loc":{"start":{"line":68,"column":80},"end":{"line":93,"column":null}}},"6":{"name":"(anonymous_7)","decl":{"start":{"line":73,"column":82},"end":{"line":73,"column":83}},"loc":{"start":{"line":74,"column":16},"end":{"line":74,"column":null}}},"7":{"name":"(anonymous_8)","decl":{"start":{"line":80,"column":47},"end":{"line":80,"column":48}},"loc":{"start":{"line":81,"column":20},"end":{"line":81,"column":null}}},"8":{"name":"(anonymous_9)","decl":{"start":{"line":99,"column":4},"end":{"line":99,"column":17}},"loc":{"start":{"line":99,"column":69},"end":{"line":113,"column":null}}},"9":{"name":"(anonymous_10)","decl":{"start":{"line":115,"column":4},"end":{"line":115,"column":17}},"loc":{"start":{"line":115,"column":71},"end":{"line":132,"column":null}}},"10":{"name":"(anonymous_11)","decl":{"start":{"line":122,"column":69},"end":{"line":122,"column":76}},"loc":{"start":{"line":122,"column":88},"end":{"line":128,"column":null}}},"11":{"name":"(anonymous_12)","decl":{"start":{"line":134,"column":12},"end":{"line":134,"column":21}},"loc":{"start":{"line":134,"column":98},"end":{"line":146,"column":null}}},"12":{"name":"(anonymous_13)","decl":{"start":{"line":144,"column":23},"end":{"line":144,"column":24}},"loc":{"start":{"line":144,"column":36},"end":{"line":144,"column":null}}},"13":{"name":"(anonymous_14)","decl":{"start":{"line":148,"column":12},"end":{"line":148,"column":32}},"loc":{"start":{"line":148,"column":72},"end":{"line":160,"column":null}}},"14":{"name":"(anonymous_15)","decl":{"start":{"line":162,"column":12},"end":{"line":162,"column":37}},"loc":{"start":{"line":162,"column":102},"end":{"line":167,"column":null}}},"15":{"name":"(anonymous_16)","decl":{"start":{"line":26,"column":4},"end":{"line":26,"column":null}},"loc":{"start":{"line":31,"column":6},"end":{"line":36,"column":null}}},"16":{"name":"(anonymous_17)","decl":{"start":{"line":38,"column":24},"end":{"line":38,"column":30}},"loc":{"start":{"line":38,"column":30},"end":{"line":40,"column":null}}},"17":{"name":"(anonymous_18)","decl":{"start":{"line":42,"column":29},"end":{"line":42,"column":35}},"loc":{"start":{"line":42,"column":35},"end":{"line":44,"column":null}}}},"branchMap":{"0":{"loc":{"start":{"line":55,"column":12},"end":{"line":57,"column":13}},"type":"if","locations":[{"start":{"line":55,"column":12},"end":{"line":57,"column":13}}]},"1":{"loc":{"start":{"line":79,"column":12},"end":{"line":87,"column":13}},"type":"if","locations":[{"start":{"line":79,"column":12},"end":{"line":87,"column":13}}]},"2":{"loc":{"start":{"line":88,"column":12},"end":{"line":90,"column":13}},"type":"if","locations":[{"start":{"line":88,"column":12},"end":{"line":90,"column":13}}]},"3":{"loc":{"start":{"line":102,"column":8},"end":{"line":104,"column":9}},"type":"if","locations":[{"start":{"line":102,"column":8},"end":{"line":104,"column":9}}]},"4":{"loc":{"start":{"line":110,"column":58},"end":{"line":110,"column":104}},"type":"cond-expr","locations":[{"start":{"line":110,"column":84},"end":{"line":110,"column":86}},{"start":{"line":110,"column":89},"end":{"line":110,"column":104}}]},"5":{"loc":{"start":{"line":118,"column":8},"end":{"line":120,"column":9}},"type":"if","locations":[{"start":{"line":118,"column":8},"end":{"line":120,"column":9}}]},"6":{"loc":{"start":{"line":127,"column":42},"end":{"line":127,"column":88}},"type":"cond-expr","locations":[{"start":{"line":127,"column":68},"end":{"line":127,"column":70}},{"start":{"line":127,"column":73},"end":{"line":127,"column":88}}]},"7":{"loc":{"start":{"line":141,"column":12},"end":{"line":141,"column":90}},"type":"cond-expr","locations":[{"start":{"line":141,"column":48},"end":{"line":141,"column":52}},{"start":{"line":141,"column":55},"end":{"line":141,"column":90}}]},"8":{"loc":{"start":{"line":142,"column":12},"end":{"line":142,"column":86}},"type":"cond-expr","locations":[{"start":{"line":142,"column":46},"end":{"line":142,"column":50}},{"start":{"line":142,"column":53},"end":{"line":142,"column":86}}]},"9":{"loc":{"start":{"line":155,"column":24},"end":{"line":155,"column":100}},"type":"cond-expr","locations":[{"start":{"line":155,"column":57},"end":{"line":155,"column":61}},{"start":{"line":155,"column":64},"end":{"line":155,"column":100}}]},"10":{"loc":{"start":{"line":156,"column":22},"end":{"line":156,"column":94}},"type":"cond-expr","locations":[{"start":{"line":156,"column":53},"end":{"line":156,"column":57}},{"start":{"line":156,"column":60},"end":{"line":156,"column":94}}]}},"s":{"0":18,"1":10,"2":10,"3":10,"4":10,"5":10,"6":10,"7":10,"8":10,"9":7,"10":7,"11":7,"12":7,"13":13,"14":7,"15":5,"16":7,"17":7,"18":7,"19":0,"20":0,"21":0,"22":0,"23":0,"24":0,"25":0,"26":0,"27":0,"28":0,"29":0,"30":0,"31":0,"32":0,"33":0,"34":5,"35":5,"36":0,"37":5,"38":5,"39":5,"40":4,"41":4,"42":0,"43":4,"44":5,"45":5,"46":4,"47":4,"48":10,"49":16,"50":7,"51":13,"52":18,"53":18,"54":18,"55":18,"56":18,"57":9,"58":18,"59":10,"60":18,"61":18,"62":18,"63":18},"f":{"0":18,"1":7,"2":7,"3":13,"4":0,"5":0,"6":0,"7":0,"8":5,"9":4,"10":5,"11":10,"12":16,"13":7,"14":13,"15":18,"16":9,"17":10},"b":{"0":[5],"1":[0],"2":[0],"3":[0],"4":[0,5],"5":[0],"6":[0,5],"7":[0,10],"8":[0,10],"9":[0,7],"10":[0,7]}}
,"C:\\Users\\danie\\Desktop\\MapMyJourney\\backend\\src\\markers\\marker\\MarkerStatus.ts": {"path":"C:\\Users\\danie\\Desktop\\MapMyJourney\\backend\\src\\markers\\marker\\MarkerStatus.ts","statementMap":{"0":{"start":{"line":1,"column":13},"end":{"line":1,"column":null}},"1":{"start":{"line":1,"column":7},"end":{"line":18,"column":null}},"2":{"start":{"line":9,"column":8},"end":{"line":9,"column":null}},"3":{"start":{"line":13,"column":8},"end":{"line":15,"column":9}},"4":{"start":{"line":14,"column":12},"end":{"line":14,"column":null}},"5":{"start":{"line":16,"column":8},"end":{"line":16,"column":42}},"6":{"start":{"line":2,"column":4},"end":{"line":2,"column":20}},"7":{"start":{"line":5,"column":8},"end":{"line":5,"column":null}}},"fnMap":{"0":{"name":"(anonymous_0)","decl":{"start":{"line":1,"column":13},"end":{"line":1,"column":null}},"loc":{"start":{"line":1,"column":13},"end":{"line":1,"column":null}}},"1":{"name":"(anonymous_2)","decl":{"start":{"line":8,"column":4},"end":{"line":8,"column":19}},"loc":{"start":{"line":8,"column":52},"end":{"line":10,"column":null}}},"2":{"name":"(anonymous_3)","decl":{"start":{"line":12,"column":4},"end":{"line":12,"column":18}},"loc":{"start":{"line":12,"column":55},"end":{"line":17,"column":null}}},"3":{"name":"(anonymous_4)","decl":{"start":{"line":4,"column":4},"end":{"line":4,"column":24}},"loc":{"start":{"line":4,"column":40},"end":{"line":6,"column":null}}}},"branchMap":{"0":{"loc":{"start":{"line":13,"column":8},"end":{"line":15,"column":9}},"type":"if","locations":[{"start":{"line":13,"column":8},"end":{"line":15,"column":9}}]}},"s":{"0":24,"1":12,"2":24,"3":24,"4":24,"5":0,"6":24,"7":24},"f":{"0":24,"1":24,"2":24,"3":24},"b":{"0":[24]}}
,"C:\\Users\\danie\\Desktop\\MapMyJourney\\backend\\src\\markers\\marker\\MarkerTitle.ts": {"path":"C:\\Users\\danie\\Desktop\\MapMyJourney\\backend\\src\\markers\\marker\\MarkerTitle.ts","statementMap":{"0":{"start":{"line":1,"column":13},"end":{"line":1,"column":null}},"1":{"start":{"line":1,"column":7},"end":{"line":18,"column":null}},"2":{"start":{"line":9,"column":8},"end":{"line":9,"column":null}},"3":{"start":{"line":13,"column":8},"end":{"line":15,"column":9}},"4":{"start":{"line":14,"column":12},"end":{"line":14,"column":null}},"5":{"start":{"line":16,"column":8},"end":{"line":16,"column":41}},"6":{"start":{"line":2,"column":4},"end":{"line":2,"column":20}},"7":{"start":{"line":5,"column":8},"end":{"line":5,"column":null}}},"fnMap":{"0":{"name":"(anonymous_0)","decl":{"start":{"line":1,"column":13},"end":{"line":1,"column":null}},"loc":{"start":{"line":1,"column":13},"end":{"line":1,"column":null}}},"1":{"name":"(anonymous_2)","decl":{"start":{"line":8,"column":4},"end":{"line":8,"column":19}},"loc":{"start":{"line":8,"column":51},"end":{"line":10,"column":null}}},"2":{"name":"(anonymous_3)","decl":{"start":{"line":12,"column":4},"end":{"line":12,"column":18}},"loc":{"start":{"line":12,"column":53},"end":{"line":17,"column":null}}},"3":{"name":"(anonymous_4)","decl":{"start":{"line":4,"column":4},"end":{"line":4,"column":24}},"loc":{"start":{"line":4,"column":39},"end":{"line":6,"column":null}}}},"branchMap":{"0":{"loc":{"start":{"line":9,"column":15},"end":{"line":9,"column":null}},"type":"binary-expr","locations":[{"start":{"line":9,"column":15},"end":{"line":9,"column":28}},{"start":{"line":9,"column":32},"end":{"line":9,"column":null}}]},"1":{"loc":{"start":{"line":13,"column":8},"end":{"line":15,"column":9}},"type":"if","locations":[{"start":{"line":13,"column":8},"end":{"line":15,"column":9}}]}},"s":{"0":25,"1":12,"2":25,"3":25,"4":24,"5":1,"6":24,"7":24},"f":{"0":25,"1":25,"2":25,"3":24},"b":{"0":[25,25],"1":[24]}}
,"C:\\Users\\danie\\Desktop\\MapMyJourney\\backend\\src\\markers\\register-marker\\RegisterMarkerCommand.ts": {"path":"C:\\Users\\danie\\Desktop\\MapMyJourney\\backend\\src\\markers\\register-marker\\RegisterMarkerCommand.ts","statementMap":{"0":{"start":{"line":8,"column":13},"end":{"line":8,"column":null}},"1":{"start":{"line":8,"column":7},"end":{"line":37,"column":null}},"2":{"start":{"line":9,"column":4},"end":{"line":9,"column":20}},"3":{"start":{"line":10,"column":4},"end":{"line":10,"column":20}},"4":{"start":{"line":11,"column":4},"end":{"line":11,"column":20}},"5":{"start":{"line":12,"column":4},"end":{"line":12,"column":20}},"6":{"start":{"line":13,"column":4},"end":{"line":13,"column":20}},"7":{"start":{"line":14,"column":4},"end":{"line":14,"column":20}},"8":{"start":{"line":15,"column":4},"end":{"line":15,"column":20}},"9":{"start":{"line":16,"column":4},"end":{"line":16,"column":20}},"10":{"start":{"line":28,"column":8},"end":{"line":28,"column":null}},"11":{"start":{"line":29,"column":8},"end":{"line":29,"column":null}},"12":{"start":{"line":30,"column":8},"end":{"line":30,"column":null}},"13":{"start":{"line":31,"column":8},"end":{"line":31,"column":null}},"14":{"start":{"line":32,"column":8},"end":{"line":32,"column":null}},"15":{"start":{"line":33,"column":8},"end":{"line":33,"column":null}},"16":{"start":{"line":34,"column":8},"end":{"line":34,"column":null}},"17":{"start":{"line":35,"column":8},"end":{"line":35,"column":null}}},"fnMap":{"0":{"name":"(anonymous_0)","decl":{"start":{"line":8,"column":13},"end":{"line":8,"column":null}},"loc":{"start":{"line":8,"column":13},"end":{"line":8,"column":null}}},"1":{"name":"(anonymous_2)","decl":{"start":{"line":18,"column":4},"end":{"line":18,"column":null}},"loc":{"start":{"line":27,"column":6},"end":{"line":36,"column":null}}}},"branchMap":{},"s":{"0":4,"1":10,"2":4,"3":4,"4":4,"5":4,"6":4,"7":4,"8":4,"9":4,"10":4,"11":4,"12":4,"13":4,"14":4,"15":4,"16":4,"17":4},"f":{"0":4,"1":4},"b":{}}
,"C:\\Users\\danie\\Desktop\\MapMyJourney\\backend\\src\\markers\\register-marker\\RegisterMarkerCommandHandler.ts": {"path":"C:\\Users\\danie\\Desktop\\MapMyJourney\\backend\\src\\markers\\register-marker\\RegisterMarkerCommandHandler.ts","statementMap":{"0":{"start":{"line":10,"column":13},"end":{"line":10,"column":null}},"1":{"start":{"line":1,"column":29},"end":{"line":1,"column":null}},"2":{"start":{"line":3,"column":23},"end":{"line":3,"column":null}},"3":{"start":{"line":4,"column":25},"end":{"line":4,"column":null}},"4":{"start":{"line":10,"column":7},"end":{"line":34,"column":null}},"5":{"start":{"line":18,"column":37},"end":{"line":27,"column":null}},"6":{"start":{"line":30,"column":45},"end":{"line":30,"column":null}},"7":{"start":{"line":31,"column":48},"end":{"line":31,"column":null}},"8":{"start":{"line":32,"column":8},"end":{"line":32,"column":null}},"9":{"start":{"line":11,"column":4},"end":{"line":11,"column":21}},"10":{"start":{"line":14,"column":8},"end":{"line":14,"column":null}}},"fnMap":{"0":{"name":"(anonymous_0)","decl":{"start":{"line":10,"column":13},"end":{"line":10,"column":null}},"loc":{"start":{"line":10,"column":13},"end":{"line":10,"column":null}}},"1":{"name":"(anonymous_2)","decl":{"start":{"line":17,"column":4},"end":{"line":17,"column":17}},"loc":{"start":{"line":17,"column":80},"end":{"line":33,"column":null}}},"2":{"name":"(anonymous_3)","decl":{"start":{"line":13,"column":4},"end":{"line":13,"column":23}},"loc":{"start":{"line":13,"column":59},"end":{"line":15,"column":null}}}},"branchMap":{},"s":{"0":17,"1":10,"2":10,"3":10,"4":10,"5":4,"6":4,"7":4,"8":4,"9":17,"10":17},"f":{"0":17,"1":4,"2":17},"b":{}}
,"C:\\Users\\danie\\Desktop\\MapMyJourney\\backend\\src\\markers\\register-marker\\RegisterMarkerController.ts": {"path":"C:\\Users\\danie\\Desktop\\MapMyJourney\\backend\\src\\markers\\register-marker\\RegisterMarkerController.ts","statementMap":{"0":{"start":{"line":18,"column":13},"end":{"line":18,"column":null}},"1":{"start":{"line":2,"column":29},"end":{"line":2,"column":null}},"2":{"start":{"line":3,"column":23},"end":{"line":3,"column":null}},"3":{"start":{"line":5,"column":28},"end":{"line":5,"column":null}},"4":{"start":{"line":6,"column":31},"end":{"line":6,"column":null}},"5":{"start":{"line":7,"column":29},"end":{"line":7,"column":null}},"6":{"start":{"line":8,"column":28},"end":{"line":8,"column":null}},"7":{"start":{"line":9,"column":38},"end":{"line":9,"column":null}},"8":{"start":{"line":18,"column":7},"end":{"line":64,"column":null}},"9":{"start":{"line":26,"column":8},"end":{"line":45,"column":null}},"10":{"start":{"line":27,"column":30},"end":{"line":27,"column":null}},"11":{"start":{"line":27,"column":102},"end":{"line":27,"column":115}},"12":{"start":{"line":28,"column":65},"end":{"line":28,"column":73}},"13":{"start":{"line":29,"column":51},"end":{"line":37,"column":null}},"14":{"start":{"line":37,"column":44},"end":{"line":37,"column":null}},"15":{"start":{"line":40,"column":49},"end":{"line":40,"column":null}},"16":{"start":{"line":41,"column":67},"end":{"line":41,"column":null}},"17":{"start":{"line":42,"column":12},"end":{"line":42,"column":null}},"18":{"start":{"line":44,"column":12},"end":{"line":44,"column":null}},"19":{"start":{"line":49,"column":8},"end":{"line":62,"column":null}},"20":{"start":{"line":60,"column":16},"end":{"line":60,"column":null}},"21":{"start":{"line":19,"column":4},"end":{"line":19,"column":21}},"22":{"start":{"line":22,"column":8},"end":{"line":22,"column":null}}},"fnMap":{"0":{"name":"(anonymous_0)","decl":{"start":{"line":18,"column":13},"end":{"line":18,"column":null}},"loc":{"start":{"line":18,"column":13},"end":{"line":18,"column":null}}},"1":{"name":"(anonymous_2)","decl":{"start":{"line":25,"column":4},"end":{"line":25,"column":17}},"loc":{"start":{"line":25,"column":80},"end":{"line":46,"column":null}}},"2":{"name":"(anonymous_3)","decl":{"start":{"line":27,"column":71},"end":{"line":27,"column":72}},"loc":{"start":{"line":27,"column":102},"end":{"line":27,"column":115}}},"3":{"name":"(anonymous_4)","decl":{"start":{"line":37,"column":30},"end":{"line":37,"column":31}},"loc":{"start":{"line":37,"column":44},"end":{"line":37,"column":null}}},"4":{"name":"(anonymous_5)","decl":{"start":{"line":48,"column":12},"end":{"line":48,"column":23}},"loc":{"start":{"line":48,"column":68},"end":{"line":63,"column":null}}},"5":{"name":"(anonymous_6)","decl":{"start":{"line":59,"column":43},"end":{"line":59,"column":44}},"loc":{"start":{"line":59,"column":54},"end":{"line":61,"column":null}}},"6":{"name":"(anonymous_7)","decl":{"start":{"line":21,"column":4},"end":{"line":21,"column":23}},"loc":{"start":{"line":21,"column":70},"end":{"line":23,"column":null}}}},"branchMap":{"0":{"loc":{"start":{"line":34,"column":16},"end":{"line":34,"column":110}},"type":"cond-expr","locations":[{"start":{"line":34,"column":61},"end":{"line":34,"column":65}},{"start":{"line":34,"column":68},"end":{"line":34,"column":110}}]},"1":{"loc":{"start":{"line":35,"column":16},"end":{"line":35,"column":106}},"type":"cond-expr","locations":[{"start":{"line":35,"column":59},"end":{"line":35,"column":63}},{"start":{"line":35,"column":66},"end":{"line":35,"column":106}}]}},"s":{"0":17,"1":10,"2":10,"3":10,"4":10,"5":10,"6":10,"7":10,"8":10,"9":4,"10":4,"11":6,"12":4,"13":4,"14":6,"15":4,"16":4,"17":4,"18":0,"19":4,"20":6,"21":17,"22":17},"f":{"0":17,"1":4,"2":6,"3":6,"4":4,"5":6,"6":17},"b":{"0":[0,4],"1":[0,4]}}
,"C:\\Users\\danie\\Desktop\\MapMyJourney\\backend\\src\\users\\UsersRouter.ts": {"path":"C:\\Users\\danie\\Desktop\\MapMyJourney\\backend\\src\\users\\UsersRouter.ts","statementMap":{"0":{"start":{"line":24,"column":13},"end":{"line":24,"column":24}},"1":{"start":{"line":26,"column":13},"end":{"line":26,"column":24}},"2":{"start":{"line":27,"column":13},"end":{"line":27,"column":25}},"3":{"start":{"line":29,"column":13},"end":{"line":29,"column":24}},"4":{"start":{"line":1,"column":42},"end":{"line":1,"column":null}},"5":{"start":{"line":2,"column":28},"end":{"line":2,"column":null}},"6":{"start":{"line":4,"column":33},"end":{"line":4,"column":null}},"7":{"start":{"line":5,"column":39},"end":{"line":5,"column":null}},"8":{"start":{"line":6,"column":56},"end":{"line":6,"column":null}},"9":{"start":{"line":7,"column":33},"end":{"line":7,"column":null}},"10":{"start":{"line":8,"column":38},"end":{"line":8,"column":null}},"11":{"start":{"line":9,"column":54},"end":{"line":9,"column":null}},"12":{"start":{"line":10,"column":47},"end":{"line":10,"column":null}},"13":{"start":{"line":11,"column":43},"end":{"line":11,"column":null}},"14":{"start":{"line":12,"column":64},"end":{"line":12,"column":null}},"15":{"start":{"line":13,"column":37},"end":{"line":13,"column":null}},"16":{"start":{"line":14,"column":50},"end":{"line":14,"column":null}},"17":{"start":{"line":15,"column":30},"end":{"line":15,"column":null}},"18":{"start":{"line":16,"column":52},"end":{"line":16,"column":null}},"19":{"start":{"line":17,"column":69},"end":{"line":17,"column":null}},"20":{"start":{"line":18,"column":49},"end":{"line":18,"column":null}},"21":{"start":{"line":19,"column":42},"end":{"line":19,"column":null}},"22":{"start":{"line":20,"column":64},"end":{"line":20,"column":null}},"23":{"start":{"line":21,"column":64},"end":{"line":21,"column":null}},"24":{"start":{"line":23,"column":15},"end":{"line":23,"column":null}},"25":{"start":{"line":24,"column":27},"end":{"line":24,"column":null}},"26":{"start":{"line":26,"column":27},"end":{"line":26,"column":null}},"27":{"start":{"line":27,"column":28},"end":{"line":27,"column":null}},"28":{"start":{"line":29,"column":7},"end":{"line":100,"column":null}},"29":{"start":{"line":31,"column":8},"end":{"line":33,"column":null}},"30":{"start":{"line":32,"column":12},"end":{"line":32,"column":null}},"31":{"start":{"line":37,"column":8},"end":{"line":39,"column":null}},"32":{"start":{"line":38,"column":12},"end":{"line":38,"column":null}},"33":{"start":{"line":43,"column":8},"end":{"line":49,"column":null}},"34":{"start":{"line":48,"column":16},"end":{"line":48,"column":null}},"35":{"start":{"line":54,"column":8},"end":{"line":56,"column":null}},"36":{"start":{"line":55,"column":12},"end":{"line":55,"column":null}},"37":{"start":{"line":60,"column":8},"end":{"line":62,"column":null}},"38":{"start":{"line":61,"column":12},"end":{"line":61,"column":null}},"39":{"start":{"line":66,"column":31},"end":{"line":66,"column":null}},"40":{"start":{"line":68,"column":61},"end":{"line":68,"column":null}},"41":{"start":{"line":69,"column":41},"end":{"line":69,"column":null}},"42":{"start":{"line":70,"column":64},"end":{"line":70,"column":null}},"43":{"start":{"line":71,"column":64},"end":{"line":72,"column":null}},"44":{"start":{"line":74,"column":8},"end":{"line":74,"column":null}},"45":{"start":{"line":76,"column":56},"end":{"line":77,"column":null}},"46":{"start":{"line":79,"column":8},"end":{"line":79,"column":null}},"47":{"start":{"line":81,"column":54},"end":{"line":82,"column":null}},"48":{"start":{"line":84,"column":8},"end":{"line":84,"column":null}},"49":{"start":{"line":86,"column":61},"end":{"line":86,"column":null}},"50":{"start":{"line":87,"column":35},"end":{"line":90,"column":null}},"51":{"start":{"line":92,"column":50},"end":{"line":92,"column":null}},"52":{"start":{"line":93,"column":8},"end":{"line":93,"column":null}},"53":{"start":{"line":95,"column":52},"end":{"line":95,"column":null}},"54":{"start":{"line":96,"column":8},"end":{"line":96,"column":null}},"55":{"start":{"line":98,"column":8},"end":{"line":98,"column":null}}},"fnMap":{"0":{"name":"(anonymous_1)","decl":{"start":{"line":24,"column":24},"end":{"line":24,"column":27}},"loc":{"start":{"line":24,"column":13},"end":{"line":24,"column":24}}},"1":{"name":"(anonymous_2)","decl":{"start":{"line":26,"column":24},"end":{"line":26,"column":27}},"loc":{"start":{"line":26,"column":13},"end":{"line":26,"column":24}}},"2":{"name":"(anonymous_3)","decl":{"start":{"line":27,"column":25},"end":{"line":27,"column":28}},"loc":{"start":{"line":27,"column":13},"end":{"line":27,"column":25}}},"3":{"name":"(anonymous_4)","decl":{"start":{"line":29,"column":24},"end":{"line":29,"column":null}},"loc":{"start":{"line":29,"column":13},"end":{"line":29,"column":24}}},"4":{"name":"(anonymous_5)","decl":{"start":{"line":30,"column":4},"end":{"line":30,"column":19}},"loc":{"start":{"line":30,"column":86},"end":{"line":34,"column":null}}},"5":{"name":"(anonymous_6)","decl":{"start":{"line":31,"column":76},"end":{"line":31,"column":83}},"loc":{"start":{"line":31,"column":115},"end":{"line":33,"column":null}}},"6":{"name":"(anonymous_7)","decl":{"start":{"line":36,"column":4},"end":{"line":36,"column":19}},"loc":{"start":{"line":36,"column":89},"end":{"line":40,"column":null}}},"7":{"name":"(anonymous_8)","decl":{"start":{"line":37,"column":46},"end":{"line":37,"column":47}},"loc":{"start":{"line":37,"column":79},"end":{"line":39,"column":null}}},"8":{"name":"(anonymous_9)","decl":{"start":{"line":42,"column":4},"end":{"line":42,"column":19}},"loc":{"start":{"line":42,"column":107},"end":{"line":51,"column":null}}},"9":{"name":"(anonymous_10)","decl":{"start":{"line":47,"column":12},"end":{"line":47,"column":19}},"loc":{"start":{"line":47,"column":51},"end":{"line":49,"column":null}}},"10":{"name":"(anonymous_11)","decl":{"start":{"line":53,"column":4},"end":{"line":53,"column":19}},"loc":{"start":{"line":53,"column":95},"end":{"line":57,"column":null}}},"11":{"name":"(anonymous_12)","decl":{"start":{"line":54,"column":75},"end":{"line":54,"column":82}},"loc":{"start":{"line":54,"column":114},"end":{"line":56,"column":null}}},"12":{"name":"(anonymous_13)","decl":{"start":{"line":59,"column":4},"end":{"line":59,"column":19}},"loc":{"start":{"line":59,"column":92},"end":{"line":63,"column":null}}},"13":{"name":"(anonymous_14)","decl":{"start":{"line":60,"column":44},"end":{"line":60,"column":51}},"loc":{"start":{"line":60,"column":83},"end":{"line":62,"column":null}}},"14":{"name":"(anonymous_15)","decl":{"start":{"line":65,"column":4},"end":{"line":65,"column":18}},"loc":{"start":{"line":65,"column":42},"end":{"line":99,"column":null}}}},"branchMap":{},"s":{"0":8,"1":20,"2":2,"3":17,"4":10,"5":10,"6":10,"7":10,"8":10,"9":10,"10":10,"11":10,"12":10,"13":10,"14":10,"15":10,"16":10,"17":10,"18":10,"19":10,"20":10,"21":10,"22":10,"23":10,"24":10,"25":10,"26":10,"27":10,"28":10,"29":17,"30":19,"31":17,"32":1,"33":17,"34":3,"35":17,"36":3,"37":17,"38":0,"39":17,"40":17,"41":17,"42":17,"43":17,"44":17,"45":17,"46":17,"47":17,"48":17,"49":17,"50":17,"51":17,"52":17,"53":17,"54":17,"55":17},"f":{"0":8,"1":20,"2":2,"3":17,"4":17,"5":19,"6":17,"7":1,"8":17,"9":3,"10":17,"11":3,"12":17,"13":0,"14":17},"b":{}}
,"C:\\Users\\danie\\Desktop\\MapMyJourney\\backend\\src\\users\\edit-user\\EditUserCommand.ts": {"path":"C:\\Users\\danie\\Desktop\\MapMyJourney\\backend\\src\\users\\edit-user\\EditUserCommand.ts","statementMap":{"0":{"start":{"line":6,"column":13},"end":{"line":6,"column":null}},"1":{"start":{"line":6,"column":7},"end":{"line":26,"column":null}},"2":{"start":{"line":7,"column":4},"end":{"line":7,"column":20}},"3":{"start":{"line":8,"column":4},"end":{"line":8,"column":20}},"4":{"start":{"line":9,"column":4},"end":{"line":9,"column":20}},"5":{"start":{"line":10,"column":4},"end":{"line":10,"column":20}},"6":{"start":{"line":11,"column":4},"end":{"line":11,"column":20}},"7":{"start":{"line":20,"column":8},"end":{"line":20,"column":null}},"8":{"start":{"line":21,"column":8},"end":{"line":21,"column":null}},"9":{"start":{"line":22,"column":8},"end":{"line":22,"column":null}},"10":{"start":{"line":23,"column":8},"end":{"line":23,"column":null}},"11":{"start":{"line":24,"column":8},"end":{"line":24,"column":null}}},"fnMap":{"0":{"name":"(anonymous_0)","decl":{"start":{"line":6,"column":13},"end":{"line":6,"column":null}},"loc":{"start":{"line":6,"column":13},"end":{"line":6,"column":null}}},"1":{"name":"(anonymous_2)","decl":{"start":{"line":13,"column":4},"end":{"line":13,"column":null}},"loc":{"start":{"line":19,"column":6},"end":{"line":25,"column":null}}}},"branchMap":{},"s":{"0":2,"1":10,"2":2,"3":2,"4":2,"5":2,"6":2,"7":2,"8":2,"9":2,"10":2,"11":2},"f":{"0":2,"1":2},"b":{}}
,"C:\\Users\\danie\\Desktop\\MapMyJourney\\backend\\src\\users\\edit-user\\EditUserCommandHandler.ts": {"path":"C:\\Users\\danie\\Desktop\\MapMyJourney\\backend\\src\\users\\edit-user\\EditUserCommandHandler.ts","statementMap":{"0":{"start":{"line":11,"column":13},"end":{"line":11,"column":null}},"1":{"start":{"line":11,"column":7},"end":{"line":40,"column":null}},"2":{"start":{"line":21,"column":51},"end":{"line":21,"column":null}},"3":{"start":{"line":22,"column":8},"end":{"line":24,"column":9}},"4":{"start":{"line":23,"column":12},"end":{"line":23,"column":50}},"5":{"start":{"line":26,"column":40},"end":{"line":31,"column":null}},"6":{"start":{"line":34,"column":8},"end":{"line":34,"column":null}},"7":{"start":{"line":38,"column":8},"end":{"line":38,"column":null}},"8":{"start":{"line":12,"column":4},"end":{"line":12,"column":21}},"9":{"start":{"line":13,"column":4},"end":{"line":13,"column":21}},"10":{"start":{"line":16,"column":8},"end":{"line":16,"column":null}},"11":{"start":{"line":17,"column":8},"end":{"line":17,"column":null}}},"fnMap":{"0":{"name":"(anonymous_0)","decl":{"start":{"line":11,"column":13},"end":{"line":11,"column":null}},"loc":{"start":{"line":11,"column":13},"end":{"line":11,"column":null}}},"1":{"name":"(anonymous_2)","decl":{"start":{"line":20,"column":4},"end":{"line":20,"column":17}},"loc":{"start":{"line":20,"column":67},"end":{"line":35,"column":null}}},"2":{"name":"(anonymous_3)","decl":{"start":{"line":37,"column":4},"end":{"line":37,"column":18}},"loc":{"start":{"line":37,"column":86},"end":{"line":39,"column":null}}},"3":{"name":"(anonymous_4)","decl":{"start":{"line":15,"column":4},"end":{"line":15,"column":23}},"loc":{"start":{"line":15,"column":95},"end":{"line":18,"column":null}}}},"branchMap":{"0":{"loc":{"start":{"line":22,"column":8},"end":{"line":24,"column":9}},"type":"if","locations":[{"start":{"line":22,"column":8},"end":{"line":24,"column":9}}]},"1":{"loc":{"start":{"line":38,"column":15},"end":{"line":38,"column":93}},"type":"cond-expr","locations":[{"start":{"line":38,"column":38},"end":{"line":38,"column":42}},{"start":{"line":38,"column":45},"end":{"line":38,"column":93}}]}},"s":{"0":17,"1":10,"2":2,"3":2,"4":0,"5":2,"6":2,"7":2,"8":17,"9":17,"10":17,"11":17},"f":{"0":17,"1":2,"2":2,"3":17},"b":{"0":[0],"1":[0,2]}}
,"C:\\Users\\danie\\Desktop\\MapMyJourney\\backend\\src\\users\\edit-user\\EditUserController.ts": {"path":"C:\\Users\\danie\\Desktop\\MapMyJourney\\backend\\src\\users\\edit-user\\EditUserController.ts","statementMap":{"0":{"start":{"line":16,"column":13},"end":{"line":16,"column":null}},"1":{"start":{"line":2,"column":33},"end":{"line":2,"column":null}},"2":{"start":{"line":3,"column":29},"end":{"line":3,"column":null}},"3":{"start":{"line":4,"column":32},"end":{"line":4,"column":null}},"4":{"start":{"line":6,"column":25},"end":{"line":6,"column":null}},"5":{"start":{"line":7,"column":32},"end":{"line":7,"column":null}},"6":{"start":{"line":16,"column":7},"end":{"line":45,"column":null}},"7":{"start":{"line":24,"column":23},"end":{"line":24,"column":null}},"8":{"start":{"line":25,"column":8},"end":{"line":27,"column":9}},"9":{"start":{"line":26,"column":12},"end":{"line":26,"column":null}},"10":{"start":{"line":29,"column":8},"end":{"line":43,"column":null}},"11":{"start":{"line":30,"column":53},"end":{"line":30,"column":61}},"12":{"start":{"line":31,"column":45},"end":{"line":36,"column":null}},"13":{"start":{"line":38,"column":41},"end":{"line":38,"column":null}},"14":{"start":{"line":39,"column":57},"end":{"line":39,"column":null}},"15":{"start":{"line":40,"column":12},"end":{"line":40,"column":null}},"16":{"start":{"line":42,"column":12},"end":{"line":42,"column":null}},"17":{"start":{"line":17,"column":4},"end":{"line":17,"column":21}},"18":{"start":{"line":20,"column":8},"end":{"line":20,"column":null}}},"fnMap":{"0":{"name":"(anonymous_0)","decl":{"start":{"line":16,"column":13},"end":{"line":16,"column":null}},"loc":{"start":{"line":16,"column":13},"end":{"line":16,"column":null}}},"1":{"name":"(anonymous_2)","decl":{"start":{"line":23,"column":4},"end":{"line":23,"column":17}},"loc":{"start":{"line":23,"column":74},"end":{"line":44,"column":null}}},"2":{"name":"(anonymous_3)","decl":{"start":{"line":19,"column":4},"end":{"line":19,"column":23}},"loc":{"start":{"line":19,"column":64},"end":{"line":21,"column":null}}}},"branchMap":{"0":{"loc":{"start":{"line":25,"column":8},"end":{"line":27,"column":9}},"type":"if","locations":[{"start":{"line":25,"column":8},"end":{"line":27,"column":9}}]},"1":{"loc":{"start":{"line":36,"column":16},"end":{"line":36,"column":93}},"type":"cond-expr","locations":[{"start":{"line":36,"column":59},"end":{"line":36,"column":63}},{"start":{"line":36,"column":66},"end":{"line":36,"column":93}}]}},"s":{"0":17,"1":10,"2":10,"3":10,"4":10,"5":10,"6":10,"7":3,"8":3,"9":1,"10":2,"11":2,"12":2,"13":2,"14":2,"15":2,"16":0,"17":17,"18":17},"f":{"0":17,"1":3,"2":17},"b":{"0":[1],"1":[0,2]}}
,"C:\\Users\\danie\\Desktop\\MapMyJourney\\backend\\src\\users\\edit-user\\editUser.validators.middlewares.ts": {"path":"C:\\Users\\danie\\Desktop\\MapMyJourney\\backend\\src\\users\\edit-user\\editUser.validators.middlewares.ts","statementMap":{"0":{"start":{"line":3,"column":13},"end":{"line":3,"column":40}},"1":{"start":{"line":3,"column":40},"end":{"line":54,"column":null}},"2":{"start":{"line":43,"column":41},"end":{"line":43,"column":71}}},"fnMap":{"0":{"name":"(anonymous_0)","decl":{"start":{"line":3,"column":13},"end":{"line":3,"column":40}},"loc":{"start":{"line":3,"column":13},"end":{"line":3,"column":40}}},"1":{"name":"(anonymous_1)","decl":{"start":{"line":43,"column":21},"end":{"line":43,"column":22}},"loc":{"start":{"line":43,"column":41},"end":{"line":43,"column":71}}}},"branchMap":{},"s":{"0":17,"1":10,"2":3},"f":{"0":17,"1":3},"b":{}}
,"C:\\Users\\danie\\Desktop\\MapMyJourney\\backend\\src\\users\\get-user\\GetUserCommand.ts": {"path":"C:\\Users\\danie\\Desktop\\MapMyJourney\\backend\\src\\users\\get-user\\GetUserCommand.ts","statementMap":{"0":{"start":{"line":4,"column":13},"end":{"line":4,"column":null}},"1":{"start":{"line":4,"column":7},"end":{"line":10,"column":null}},"2":{"start":{"line":5,"column":4},"end":{"line":5,"column":20}},"3":{"start":{"line":8,"column":8},"end":{"line":8,"column":null}}},"fnMap":{"0":{"name":"(anonymous_0)","decl":{"start":{"line":4,"column":13},"end":{"line":4,"column":null}},"loc":{"start":{"line":4,"column":13},"end":{"line":4,"column":null}}},"1":{"name":"(anonymous_2)","decl":{"start":{"line":7,"column":4},"end":{"line":7,"column":23}},"loc":{"start":{"line":7,"column":39},"end":{"line":9,"column":null}}}},"branchMap":{},"s":{"0":0,"1":10,"2":0,"3":0},"f":{"0":0,"1":0},"b":{}}
,"C:\\Users\\danie\\Desktop\\MapMyJourney\\backend\\src\\users\\get-user\\GetUserCommandHandler.ts": {"path":"C:\\Users\\danie\\Desktop\\MapMyJourney\\backend\\src\\users\\get-user\\GetUserCommandHandler.ts","statementMap":{"0":{"start":{"line":9,"column":13},"end":{"line":9,"column":null}},"1":{"start":{"line":9,"column":7},"end":{"line":19,"column":null}},"2":{"start":{"line":17,"column":8},"end":{"line":17,"column":null}},"3":{"start":{"line":10,"column":4},"end":{"line":10,"column":21}},"4":{"start":{"line":13,"column":8},"end":{"line":13,"column":null}}},"fnMap":{"0":{"name":"(anonymous_0)","decl":{"start":{"line":9,"column":13},"end":{"line":9,"column":null}},"loc":{"start":{"line":9,"column":13},"end":{"line":9,"column":null}}},"1":{"name":"(anonymous_2)","decl":{"start":{"line":16,"column":4},"end":{"line":16,"column":17}},"loc":{"start":{"line":16,"column":78},"end":{"line":18,"column":null}}},"2":{"name":"(anonymous_3)","decl":{"start":{"line":12,"column":4},"end":{"line":12,"column":23}},"loc":{"start":{"line":12,"column":69},"end":{"line":14,"column":null}}}},"branchMap":{},"s":{"0":17,"1":10,"2":0,"3":17,"4":17},"f":{"0":17,"1":0,"2":17},"b":{}}
,"C:\\Users\\danie\\Desktop\\MapMyJourney\\backend\\src\\users\\get-user\\GetUserController.ts": {"path":"C:\\Users\\danie\\Desktop\\MapMyJourney\\backend\\src\\users\\get-user\\GetUserController.ts","statementMap":{"0":{"start":{"line":12,"column":13},"end":{"line":12,"column":null}},"1":{"start":{"line":2,"column":29},"end":{"line":2,"column":null}},"2":{"start":{"line":4,"column":31},"end":{"line":4,"column":null}},"3":{"start":{"line":12,"column":7},"end":{"line":39,"column":null}},"4":{"start":{"line":20,"column":8},"end":{"line":27,"column":null}},"5":{"start":{"line":21,"column":44},"end":{"line":21,"column":null}},"6":{"start":{"line":22,"column":45},"end":{"line":22,"column":null}},"7":{"start":{"line":24,"column":12},"end":{"line":24,"column":null}},"8":{"start":{"line":26,"column":12},"end":{"line":26,"column":null}},"9":{"start":{"line":31,"column":8},"end":{"line":37,"column":null}},"10":{"start":{"line":13,"column":4},"end":{"line":13,"column":21}},"11":{"start":{"line":16,"column":8},"end":{"line":16,"column":null}}},"fnMap":{"0":{"name":"(anonymous_0)","decl":{"start":{"line":12,"column":13},"end":{"line":12,"column":null}},"loc":{"start":{"line":12,"column":13},"end":{"line":12,"column":null}}},"1":{"name":"(anonymous_2)","decl":{"start":{"line":19,"column":4},"end":{"line":19,"column":17}},"loc":{"start":{"line":19,"column":73},"end":{"line":28,"column":null}}},"2":{"name":"(anonymous_3)","decl":{"start":{"line":30,"column":12},"end":{"line":30,"column":23}},"loc":{"start":{"line":30,"column":59},"end":{"line":38,"column":null}}},"3":{"name":"(anonymous_4)","decl":{"start":{"line":15,"column":4},"end":{"line":15,"column":23}},"loc":{"start":{"line":15,"column":63},"end":{"line":17,"column":null}}}},"branchMap":{"0":{"loc":{"start":{"line":24,"column":63},"end":{"line":24,"column":106}},"type":"cond-expr","locations":[{"start":{"line":24,"column":78},"end":{"line":24,"column":82}},{"start":{"line":24,"column":85},"end":{"line":24,"column":106}}]}},"s":{"0":17,"1":10,"2":10,"3":10,"4":0,"5":0,"6":0,"7":0,"8":0,"9":0,"10":17,"11":17},"f":{"0":17,"1":0,"2":0,"3":17},"b":{"0":[0,0]}}
,"C:\\Users\\danie\\Desktop\\MapMyJourney\\backend\\src\\users\\hash-service\\HashService.ts": {"path":"C:\\Users\\danie\\Desktop\\MapMyJourney\\backend\\src\\users\\hash-service\\HashService.ts","statementMap":{"0":{"start":{"line":8,"column":13},"end":{"line":8,"column":null}},"1":{"start":{"line":1,"column":19},"end":{"line":1,"column":null}},"2":{"start":{"line":8,"column":7},"end":{"line":16,"column":null}},"3":{"start":{"line":10,"column":8},"end":{"line":10,"column":null}},"4":{"start":{"line":14,"column":8},"end":{"line":14,"column":null}}},"fnMap":{"0":{"name":"(anonymous_0)","decl":{"start":{"line":8,"column":13},"end":{"line":8,"column":null}},"loc":{"start":{"line":8,"column":13},"end":{"line":8,"column":null}}},"1":{"name":"(anonymous_2)","decl":{"start":{"line":9,"column":4},"end":{"line":9,"column":17}},"loc":{"start":{"line":9,"column":74},"end":{"line":11,"column":null}}},"2":{"name":"(anonymous_3)","decl":{"start":{"line":13,"column":4},"end":{"line":13,"column":17}},"loc":{"start":{"line":13,"column":101},"end":{"line":15,"column":null}}}},"branchMap":{},"s":{"0":28,"1":11,"2":11,"3":34,"4":17},"f":{"0":28,"1":34,"2":17},"b":{}}
,"C:\\Users\\danie\\Desktop\\MapMyJourney\\backend\\src\\users\\register-user\\RegisterUserCommand.ts": {"path":"C:\\Users\\danie\\Desktop\\MapMyJourney\\backend\\src\\users\\register-user\\RegisterUserCommand.ts","statementMap":{"0":{"start":{"line":5,"column":13},"end":{"line":5,"column":null}},"1":{"start":{"line":5,"column":7},"end":{"line":17,"column":null}},"2":{"start":{"line":6,"column":4},"end":{"line":6,"column":20}},"3":{"start":{"line":7,"column":4},"end":{"line":7,"column":20}},"4":{"start":{"line":8,"column":4},"end":{"line":8,"column":20}},"5":{"start":{"line":9,"column":4},"end":{"line":9,"column":20}},"6":{"start":{"line":12,"column":8},"end":{"line":12,"column":null}},"7":{"start":{"line":13,"column":8},"end":{"line":13,"column":null}},"8":{"start":{"line":14,"column":8},"end":{"line":14,"column":null}},"9":{"start":{"line":15,"column":8},"end":{"line":15,"column":null}}},"fnMap":{"0":{"name":"(anonymous_0)","decl":{"start":{"line":5,"column":13},"end":{"line":5,"column":null}},"loc":{"start":{"line":5,"column":13},"end":{"line":5,"column":null}}},"1":{"name":"(anonymous_2)","decl":{"start":{"line":11,"column":4},"end":{"line":11,"column":23}},"loc":{"start":{"line":11,"column":88},"end":{"line":16,"column":null}}}},"branchMap":{},"s":{"0":2,"1":10,"2":2,"3":2,"4":2,"5":2,"6":2,"7":2,"8":2,"9":2},"f":{"0":2,"1":2},"b":{}}
[...]
,"C:\\Users\\danie\\Desktop\\MapMyJourney\\backend\\src\\users\\user-access\\user-session\\checkSession.middleware.ts": {"path":"C:\\Users\\danie\\Desktop\\MapMyJourney\\backend\\src\\users\\user-access\\user-session\\checkSession.middleware.ts","statementMap":{"0":{"start":{"line":3,"column":13},"end":{"line":3,"column":23}},"1":{"start":{"line":10,"column":13},"end":{"line":10,"column":26}},"2":{"start":{"line":3,"column":26},"end":{"line":8,"column":null}},"3":{"start":{"line":4,"column":4},"end":{"line":6,"column":5}},"4":{"start":{"line":5,"column":8},"end":{"line":5,"column":null}},"5":{"start":{"line":7,"column":4},"end":{"line":7,"column":null}},"6":{"start":{"line":10,"column":29},"end":{"line":15,"column":null}},"7":{"start":{"line":11,"column":4},"end":{"line":13,"column":5}},"8":{"start":{"line":12,"column":8},"end":{"line":12,"column":null}},"9":{"start":{"line":14,"column":4},"end":{"line":14,"column":null}}},"fnMap":{"0":{"name":"(anonymous_1)","decl":{"start":{"line":3,"column":23},"end":{"line":3,"column":26}},"loc":{"start":{"line":3,"column":13},"end":{"line":3,"column":23}}},"1":{"name":"(anonymous_2)","decl":{"start":{"line":10,"column":26},"end":{"line":10,"column":29}},"loc":{"start":{"line":10,"column":13},"end":{"line":10,"column":26}}},"2":{"name":"(anonymous_3)","decl":{"start":{"line":3,"column":26},"end":{"line":3,"column":27}},"loc":{"start":{"line":3,"column":84},"end":{"line":8,"column":null}}},"3":{"name":"(anonymous_4)","decl":{"start":{"line":10,"column":29},"end":{"line":10,"column":30}},"loc":{"start":{"line":10,"column":87},"end":{"line":15,"column":null}}}},"branchMap":{"0":{"loc":{"start":{"line":4,"column":4},"end":{"line":6,"column":5}},"type":"if","locations":[{"start":{"line":4,"column":4},"end":{"line":6,"column":5}}]},"1":{"loc":{"start":{"line":11,"column":4},"end":{"line":13,"column":5}},"type":"if","locations":[{"start":{"line":11,"column":4},"end":{"line":13,"column":5}}]}},"s":{"0":102,"1":34,"2":10,"3":17,"4":5,"5":12,"6":10,"7":24,"8":2,"9":22},"f":{"0":102,"1":34,"2":17,"3":24},"b":{"0":[5],"1":[2]}}
,"C:\\Users\\danie\\Desktop\\MapMyJourney\\backend\\src\\users\\user-access\\user-session\\sessions.config.ts": {"path":"C:\\Users\\danie\\Desktop\\MapMyJourney\\backend\\src\\users\\user-access\\user-session\\sessions.config.ts","statementMap":{"0":{"start":{"line":3,"column":13},"end":{"line":3,"column":30}},"1":{"start":{"line":3,"column":30},"end":{"line":12,"column":null}}},"fnMap":{"0":{"name":"(anonymous_0)","decl":{"start":{"line":3,"column":13},"end":{"line":3,"column":30}},"loc":{"start":{"line":3,"column":13},"end":{"line":3,"column":30}}}},"branchMap":{},"s":{"0":17,"1":10},"f":{"0":17},"b":{}}
,"C:\\Users\\danie\\Desktop\\MapMyJourney\\backend\\src\\users\\user-profile\\Email.ts": {"path":"C:\\Users\\danie\\Desktop\\MapMyJourney\\backend\\src\\users\\user-profile\\Email.ts","statementMap":{"0":{"start":{"line":3,"column":13},"end":{"line":3,"column":null}},"1":{"start":{"line":1,"column":32},"end":{"line":1,"column":null}},"2":{"start":{"line":3,"column":7},"end":{"line":20,"column":null}},"3":{"start":{"line":11,"column":8},"end":{"line":11,"column":null}},"4":{"start":{"line":15,"column":8},"end":{"line":17,"column":9}},"5":{"start":{"line":16,"column":12},"end":{"line":16,"column":null}},"6":{"start":{"line":18,"column":8},"end":{"line":18,"column":41}},"7":{"start":{"line":4,"column":4},"end":{"line":4,"column":20}},"8":{"start":{"line":7,"column":8},"end":{"line":7,"column":null}}},"fnMap":{"0":{"name":"(anonymous_0)","decl":{"start":{"line":3,"column":13},"end":{"line":3,"column":null}},"loc":{"start":{"line":3,"column":13},"end":{"line":3,"column":null}}},"1":{"name":"(anonymous_5)","decl":{"start":{"line":10,"column":4},"end":{"line":10,"column":19}},"loc":{"start":{"line":10,"column":51},"end":{"line":12,"column":null}}},"2":{"name":"(anonymous_6)","decl":{"start":{"line":14,"column":4},"end":{"line":14,"column":18}},"loc":{"start":{"line":14,"column":47},"end":{"line":19,"column":null}}},"3":{"name":"(anonymous_7)","decl":{"start":{"line":6,"column":4},"end":{"line":6,"column":24}},"loc":{"start":{"line":6,"column":39},"end":{"line":8,"column":null}}}},"branchMap":{"0":{"loc":{"start":{"line":15,"column":8},"end":{"line":17,"column":9}},"type":"if","locations":[{"start":{"line":15,"column":8},"end":{"line":17,"column":9}}]}},"s":{"0":59,"1":12,"2":12,"3":59,"4":59,"5":58,"6":1,"7":58,"8":58},"f":{"0":59,"1":59,"2":59,"3":58},"b":{"0":[58]}}
,"C:\\Users\\danie\\Desktop\\MapMyJourney\\backend\\src\\users\\user-profile\\EmailUniquenessChecker.ts": {"path":"C:\\Users\\danie\\Desktop\\MapMyJourney\\backend\\src\\users\\user-profile\\EmailUniquenessChecker.ts","statementMap":{"0":{"start":{"line":8,"column":13},"end":{"line":8,"column":null}},"1":{"start":{"line":8,"column":7},"end":{"line":17,"column":null}},"2":{"start":{"line":15,"column":8},"end":{"line":15,"column":null}},"3":{"start":{"line":9,"column":4},"end":{"line":9,"column":21}},"4":{"start":{"line":12,"column":8},"end":{"line":12,"column":null}}},"fnMap":{"0":{"name":"(anonymous_0)","decl":{"start":{"line":8,"column":13},"end":{"line":8,"column":null}},"loc":{"start":{"line":8,"column":13},"end":{"line":8,"column":null}}},"1":{"name":"(anonymous_2)","decl":{"start":{"line":14,"column":4},"end":{"line":14,"column":17}},"loc":{"start":{"line":14,"column":61},"end":{"line":16,"column":null}}},"2":{"name":"(anonymous_3)","decl":{"start":{"line":11,"column":4},"end":{"line":11,"column":23}},"loc":{"start":{"line":11,"column":63},"end":{"line":13,"column":null}}}},"branchMap":{},"s":{"0":19,"1":10,"2":4,"3":19,"4":19},"f":{"0":19,"1":4,"2":19},"b":{}}
,"C:\\Users\\danie\\Desktop\\MapMyJourney\\backend\\src\\users\\user-profile\\UserDescription.ts": {"path":"C:\\Users\\danie\\Desktop\\MapMyJourney\\backend\\src\\users\\user-profile\\UserDescription.ts","statementMap":{"0":{"start":{"line":1,"column":13},"end":{"line":1,"column":null}},"1":{"start":{"line":1,"column":7},"end":{"line":18,"column":null}},"2":{"start":{"line":9,"column":8},"end":{"line":9,"column":null}},"3":{"start":{"line":13,"column":8},"end":{"line":15,"column":9}},"4":{"start":{"line":14,"column":12},"end":{"line":14,"column":null}},"5":{"start":{"line":16,"column":8},"end":{"line":16,"column":47}},"6":{"start":{"line":2,"column":4},"end":{"line":2,"column":20}},"7":{"start":{"line":5,"column":8},"end":{"line":5,"column":null}}},"fnMap":{"0":{"name":"(anonymous_0)","decl":{"start":{"line":1,"column":13},"end":{"line":1,"column":null}},"loc":{"start":{"line":1,"column":13},"end":{"line":1,"column":null}}},"1":{"name":"(anonymous_2)","decl":{"start":{"line":8,"column":4},"end":{"line":8,"column":19}},"loc":{"start":{"line":8,"column":64},"end":{"line":10,"column":null}}},"2":{"name":"(anonymous_3)","decl":{"start":{"line":12,"column":4},"end":{"line":12,"column":18}},"loc":{"start":{"line":12,"column":70},"end":{"line":17,"column":null}}},"3":{"name":"(anonymous_4)","decl":{"start":{"line":4,"column":4},"end":{"line":4,"column":24}},"loc":{"start":{"line":4,"column":52},"end":{"line":6,"column":null}}}},"branchMap":{"0":{"loc":{"start":{"line":9,"column":15},"end":{"line":9,"column":null}},"type":"binary-expr","locations":[{"start":{"line":9,"column":15},"end":{"line":9,"column":34}},{"start":{"line":9,"column":38},"end":{"line":9,"column":null}}]},"1":{"loc":{"start":{"line":13,"column":8},"end":{"line":15,"column":9}},"type":"if","locations":[{"start":{"line":13,"column":8},"end":{"line":15,"column":9}}]}},"s":{"0":46,"1":12,"2":46,"3":46,"4":45,"5":1,"6":45,"7":45},"f":{"0":46,"1":46,"2":46,"3":45},"b":{"0":[46,42],"1":[45]}}
,"C:\\Users\\danie\\Desktop\\MapMyJourney\\backend\\src\\users\\user-profile\\UserId.ts": {"path":"C:\\Users\\danie\\Desktop\\MapMyJourney\\backend\\src\\users\\user-profile\\UserId.ts","statementMap":{"0":{"start":{"line":3,"column":13},"end":{"line":3,"column":null}},"1":{"start":{"line":1,"column":41},"end":{"line":1,"column":null}},"2":{"start":{"line":3,"column":7},"end":{"line":20,"column":null}},"3":{"start":{"line":11,"column":8},"end":{"line":11,"column":null}},"4":{"start":{"line":15,"column":8},"end":{"line":17,"column":9}},"5":{"start":{"line":16,"column":12},"end":{"line":16,"column":null}},"6":{"start":{"line":18,"column":8},"end":{"line":18,"column":38}},"7":{"start":{"line":4,"column":4},"end":{"line":4,"column":20}},"8":{"start":{"line":7,"column":8},"end":{"line":7,"column":null}}},"fnMap":{"0":{"name":"(anonymous_0)","decl":{"start":{"line":3,"column":13},"end":{"line":3,"column":null}},"loc":{"start":{"line":3,"column":13},"end":{"line":3,"column":null}}},"1":{"name":"(anonymous_2)","decl":{"start":{"line":10,"column":4},"end":{"line":10,"column":19}},"loc":{"start":{"line":10,"column":48},"end":{"line":12,"column":null}}},"2":{"name":"(anonymous_3)","decl":{"start":{"line":14,"column":4},"end":{"line":14,"column":18}},"loc":{"start":{"line":14,"column":45},"end":{"line":19,"column":null}}},"3":{"name":"(anonymous_4)","decl":{"start":{"line":6,"column":4},"end":{"line":6,"column":24}},"loc":{"start":{"line":6,"column":36},"end":{"line":8,"column":null}}}},"branchMap":{"0":{"loc":{"start":{"line":15,"column":8},"end":{"line":17,"column":9}},"type":"if","locations":[{"start":{"line":15,"column":8},"end":{"line":17,"column":9}}]}},"s":{"0":70,"1":13,"2":13,"3":70,"4":70,"5":69,"6":1,"7":69,"8":69},"f":{"0":70,"1":70,"2":70,"3":69},"b":{"0":[69]}}
,"C:\\Users\\danie\\Desktop\\MapMyJourney\\backend\\src\\users\\user-profile\\UserName.ts": {"path":"C:\\Users\\danie\\Desktop\\MapMyJourney\\backend\\src\\users\\user-profile\\UserName.ts","statementMap":{"0":{"start":{"line":1,"column":13},"end":{"line":1,"column":null}},"1":{"start":{"line":1,"column":7},"end":{"line":18,"column":null}},"2":{"start":{"line":9,"column":8},"end":{"line":9,"column":null}},"3":{"start":{"line":13,"column":8},"end":{"line":15,"column":9}},"4":{"start":{"line":14,"column":12},"end":{"line":14,"column":null}},"5":{"start":{"line":16,"column":8},"end":{"line":16,"column":40}},"6":{"start":{"line":2,"column":4},"end":{"line":2,"column":20}},"7":{"start":{"line":5,"column":8},"end":{"line":5,"column":null}}},"fnMap":{"0":{"name":"(anonymous_0)","decl":{"start":{"line":1,"column":13},"end":{"line":1,"column":null}},"loc":{"start":{"line":1,"column":13},"end":{"line":1,"column":null}}},"1":{"name":"(anonymous_2)","decl":{"start":{"line":8,"column":4},"end":{"line":8,"column":19}},"loc":{"start":{"line":8,"column":50},"end":{"line":10,"column":null}}},"2":{"name":"(anonymous_3)","decl":{"start":{"line":12,"column":4},"end":{"line":12,"column":18}},"loc":{"start":{"line":12,"column":49},"end":{"line":17,"column":null}}},"3":{"name":"(anonymous_4)","decl":{"start":{"line":4,"column":4},"end":{"line":4,"column":24}},"loc":{"start":{"line":4,"column":38},"end":{"line":6,"column":null}}}},"branchMap":{"0":{"loc":{"start":{"line":9,"column":15},"end":{"line":9,"column":null}},"type":"binary-expr","locations":[{"start":{"line":9,"column":15},"end":{"line":9,"column":27}},{"start":{"line":9,"column":31},"end":{"line":9,"column":null}}]},"1":{"loc":{"start":{"line":13,"column":8},"end":{"line":15,"column":9}},"type":"if","locations":[{"start":{"line":13,"column":8},"end":{"line":15,"column":9}}]}},"s":{"0":43,"1":12,"2":43,"3":43,"4":42,"5":1,"6":42,"7":42},"f":{"0":43,"1":43,"2":43,"3":42},"b":{"0":[43,43],"1":[42]}}
,"C:\\Users\\danie\\Desktop\\MapMyJourney\\backend\\src\\users\\user-profile\\UserProfile.ts": {"path":"C:\\Users\\danie\\Desktop\\MapMyJourney\\backend\\src\\users\\user-profile\\UserProfile.ts","statementMap":{"0":{"start":{"line":6,"column":13},"end":{"line":6,"column":null}},"1":{"start":{"line":6,"column":7},"end":{"line":61,"column":null}},"2":{"start":{"line":38,"column":8},"end":{"line":38,"column":null}},"3":{"start":{"line":48,"column":8},"end":{"line":50,"column":9}},"4":{"start":{"line":49,"column":12},"end":{"line":49,"column":80}},"5":{"start":{"line":52,"column":8},"end":{"line":58,"column":null}},"6":{"start":{"line":7,"column":4},"end":{"line":7,"column":20}},"7":{"start":{"line":8,"column":4},"end":{"line":8,"column":20}},"8":{"start":{"line":9,"column":4},"end":{"line":9,"column":20}},"9":{"start":{"line":10,"column":4},"end":{"line":10,"column":20}},"10":{"start":{"line":11,"column":4},"end":{"line":11,"column":20}},"11":{"start":{"line":12,"column":4},"end":{"line":12,"column":20}},"12":{"start":{"line":22,"column":8},"end":{"line":22,"column":null}},"13":{"start":{"line":23,"column":8},"end":{"line":23,"column":null}},"14":{"start":{"line":24,"column":8},"end":{"line":24,"column":null}},"15":{"start":{"line":25,"column":8},"end":{"line":25,"column":null}},"16":{"start":{"line":26,"column":8},"end":{"line":26,"column":null}},"17":{"start":{"line":27,"column":8},"end":{"line":27,"column":null}}},"fnMap":{"0":{"name":"(anonymous_0)","decl":{"start":{"line":6,"column":13},"end":{"line":6,"column":null}},"loc":{"start":{"line":6,"column":13},"end":{"line":6,"column":null}}},"1":{"name":"(anonymous_2)","decl":{"start":{"line":30,"column":4},"end":{"line":30,"column":18}},"loc":{"start":{"line":37,"column":19},"end":{"line":39,"column":null}}},"2":{"name":"(anonymous_3)","decl":{"start":{"line":41,"column":11},"end":{"line":41,"column":null}},"loc":{"start":{"line":47,"column":19},"end":{"line":60,"column":null}}},"3":{"name":"(anonymous_4)","decl":{"start":{"line":14,"column":4},"end":{"line":14,"column":null}},"loc":{"start":{"line":21,"column":6},"end":{"line":28,"column":null}}}},"branchMap":{"0":{"loc":{"start":{"line":48,"column":8},"end":{"line":50,"column":9}},"type":"if","locations":[{"start":{"line":48,"column":8},"end":{"line":50,"column":9}}]},"1":{"loc":{"start":{"line":58,"column":12},"end":{"line":58,"column":62}},"type":"cond-expr","locations":[{"start":{"line":58,"column":35},"end":{"line":58,"column":48}},{"start":{"line":58,"column":51},"end":{"line":58,"column":62}}]}},"s":{"0":33,"1":11,"2":33,"3":8,"4":1,"5":7,"6":40,"7":40,"8":40,"9":40,"10":40,"11":40,"12":40,"13":40,"14":40,"15":40,"16":40,"17":40},"f":{"0":33,"1":33,"2":8,"3":40},"b":{"0":[1],"1":[3,4]}}
,"C:\\Users\\danie\\Desktop\\MapMyJourney\\backend\\src\\users\\user-profile\\UserProfileRepository.ts": {"path":"C:\\Users\\danie\\Desktop\\MapMyJourney\\backend\\src\\users\\user-profile\\UserProfileRepository.ts","statementMap":{"0":{"start":{"line":16,"column":13},"end":{"line":16,"column":null}},"1":{"start":{"line":2,"column":22},"end":{"line":2,"column":null}},"2":{"start":{"line":3,"column":23},"end":{"line":3,"column":null}},"3":{"start":{"line":4,"column":28},"end":{"line":4,"column":null}},"4":{"start":{"line":6,"column":25},"end":{"line":6,"column":null}},"5":{"start":{"line":7,"column":32},"end":{"line":7,"column":null}},"6":{"start":{"line":16,"column":7},"end":{"line":97,"column":null}},"7":{"start":{"line":30,"column":57},"end":{"line":30,"column":null}},"8":{"start":{"line":32,"column":35},"end":{"line":35,"column":null}},"9":{"start":{"line":33,"column":32},"end":{"line":33,"column":null}},"10":{"start":{"line":34,"column":12},"end":{"line":34,"column":null}},"11":{"start":{"line":36,"column":30},"end":{"line":36,"column":44}},"12":{"start":{"line":38,"column":8},"end":{"line":38,"column":null}},"13":{"start":{"line":42,"column":57},"end":{"line":42,"column":null}},"14":{"start":{"line":44,"column":35},"end":{"line":49,"column":null}},"15":{"start":{"line":45,"column":32},"end":{"line":47,"column":null}},"16":{"start":{"line":48,"column":12},"end":{"line":48,"column":null}},"17":{"start":{"line":50,"column":30},"end":{"line":50,"column":44}},"18":{"start":{"line":52,"column":8},"end":{"line":52,"column":null}},"19":{"start":{"line":56,"column":31},"end":{"line":56,"column":null}},"20":{"start":{"line":58,"column":8},"end":{"line":60,"column":9}},"21":{"start":{"line":59,"column":12},"end":{"line":59,"column":null}},"22":{"start":{"line":61,"column":28},"end":{"line":61,"column":null}},"23":{"start":{"line":63,"column":8},"end":{"line":63,"column":null}},"24":{"start":{"line":67,"column":31},"end":{"line":67,"column":null}},"25":{"start":{"line":69,"column":8},"end":{"line":71,"column":9}},"26":{"start":{"line":70,"column":12},"end":{"line":70,"column":null}},"27":{"start":{"line":73,"column":8},"end":{"line":73,"column":null}},"28":{"start":{"line":77,"column":8},"end":{"line":83,"column":null}},"29":{"start":{"line":88,"column":8},"end":{"line":95,"column":null}},"30":{"start":{"line":17,"column":4},"end":{"line":17,"column":21}},"31":{"start":{"line":18,"column":4},"end":{"line":18,"column":21}},"32":{"start":{"line":25,"column":4},"end":{"line":27,"column":null}},"33":{"start":{"line":26,"column":8},"end":{"line":26,"column":null}},"34":{"start":{"line":21,"column":8},"end":{"line":21,"column":null}},"35":{"start":{"line":22,"column":8},"end":{"line":22,"column":null}}},"fnMap":{"0":{"name":"(anonymous_0)","decl":{"start":{"line":16,"column":13},"end":{"line":16,"column":null}},"loc":{"start":{"line":16,"column":13},"end":{"line":16,"column":null}}},"1":{"name":"(anonymous_2)","decl":{"start":{"line":29,"column":4},"end":{"line":29,"column":17}},"loc":{"start":{"line":29,"column":67},"end":{"line":39,"column":null}}},"2":{"name":"(anonymous_3)","decl":{"start":{"line":32,"column":63},"end":{"line":32,"column":70}},"loc":{"start":{"line":32,"column":78},"end":{"line":35,"column":null}}},"3":{"name":"(anonymous_4)","decl":{"start":{"line":41,"column":4},"end":{"line":41,"column":17}},"loc":{"start":{"line":41,"column":67},"end":{"line":53,"column":null}}},"4":{"name":"(anonymous_5)","decl":{"start":{"line":44,"column":63},"end":{"line":44,"column":70}},"loc":{"start":{"line":44,"column":78},"end":{"line":49,"column":null}}},"5":{"name":"(anonymous_6)","decl":{"start":{"line":55,"column":4},"end":{"line":55,"column":17}},"loc":{"start":{"line":55,"column":70},"end":{"line":64,"column":null}}},"6":{"name":"(anonymous_7)","decl":{"start":{"line":66,"column":4},"end":{"line":66,"column":17}},"loc":{"start":{"line":66,"column":71},"end":{"line":74,"column":null}}},"7":{"name":"(anonymous_8)","decl":{"start":{"line":76,"column":12},"end":{"line":76,"column":21}},"loc":{"start":{"line":76,"column":74},"end":{"line":85,"column":null}}},"8":{"name":"(anonymous_9)","decl":{"start":{"line":87,"column":12},"end":{"line":87,"column":26}},"loc":{"start":{"line":87,"column":76},"end":{"line":96,"column":null}}},"9":{"name":"(anonymous_10)","decl":{"start":{"line":20,"column":4},"end":{"line":20,"column":23}},"loc":{"start":{"line":20,"column":54},"end":{"line":23,"column":null}}},"10":{"name":"(anonymous_11)","decl":{"start":{"line":25,"column":29},"end":{"line":25,"column":35}},"loc":{"start":{"line":25,"column":35},"end":{"line":27,"column":null}}}},"branchMap":{"0":{"loc":{"start":{"line":58,"column":8},"end":{"line":60,"column":9}},"type":"if","locations":[{"start":{"line":58,"column":8},"end":{"line":60,"column":9}}]},"1":{"loc":{"start":{"line":69,"column":8},"end":{"line":71,"column":9}},"type":"if","locations":[{"start":{"line":69,"column":8},"end":{"line":71,"column":9}}]}},"s":{"0":27,"1":10,"2":10,"3":10,"4":10,"5":10,"6":10,"7":5,"8":5,"9":5,"10":5,"11":5,"12":5,"13":3,"14":3,"15":3,"16":3,"17":3,"18":3,"19":6,"20":6,"21":1,"22":5,"23":5,"24":24,"25":24,"26":5,"27":19,"28":24,"29":8,"30":27,"31":27,"32":27,"33":30,"34":27,"35":27},"f":{"0":27,"1":5,"2":5,"3":3,"4":3,"5":6,"6":24,"7":24,"8":8,"9":27,"10":30},"b":{"0":[1],"1":[5]}}
}
