TN:
SF:src\AppRouter.ts
FN:7,(anonymous_0)
FN:8,(anonymous_1)
FNF:2
FNH:2
FNDA:17,(anonymous_0)
FNDA:17,(anonymous_1)
DA:1,10
DA:4,10
DA:5,10
DA:7,17
DA:9,17
DA:10,17
DA:11,17
DA:12,17
LF:8
LH:8
BRF:0
BRH:0
end_of_record
TN:
SF:src\app.ts
FN:11,(anonymous_1)
FN:51,(anonymous_2)
FN:19,(anonymous_5)
FN:34,(anonymous_6)
FN:38,(anonymous_7)
FN:40,(anonymous_8)
FN:14,(anonymous_9)
FNF:7
FNH:4
FNDA:7,(anonymous_1)
FNDA:0,(anonymous_2)
FNDA:17,(anonymous_5)
FNDA:7,(anonymous_6)
FNDA:0,(anonymous_7)
FNDA:0,(anonymous_8)
FNDA:17,(anonymous_9)
DA:1,10
DA:2,10
DA:3,10
DA:4,10
DA:5,10
DA:6,10
DA:7,10
DA:8,10
DA:9,10
DA:10,10
DA:11,10
DA:12,17
DA:15,17
DA:16,17
DA:20,17
DA:21,17
DA:22,17
DA:23,17
DA:24,17
DA:30,17
DA:31,17
DA:35,7
DA:39,0
DA:41,0
DA:47,10
DA:48,10
DA:49,10
DA:51,10
LF:28
LH:26
BRF:0
BRH:0
end_of_record
TN:
SF:src\common\FileSystemConfig.ts
FN:8,(anonymous_0)
FN:15,(anonymous_3)
FN:19,(anonymous_4)
FN:20,(anonymous_5)
FN:11,(anonymous_6)
FNF:5
FNH:3
FNDA:18,(anonymous_0)
FNDA:28,(anonymous_3)
FNDA:0,(anonymous_4)
FNDA:0,(anonymous_5)
FNDA:18,(anonymous_6)
DA:1,10
DA:8,18
DA:9,18
DA:12,18
DA:16,28
DA:20,0
DA:21,0
DA:22,0
LF:8
LH:5
BRDA:21,0,0,0
BRF:1
BRH:0
end_of_record
TN:
SF:src\errors\ErrorHandler.ts
FN:3,(anonymous_0)
FN:4,(anonymous_1)
FN:9,(anonymous_2)
FNF:3
FNH:3
FNDA:4,(anonymous_0)
FNDA:4,(anonymous_1)
FNDA:4,(anonymous_2)
DA:3,10
DA:5,4
DA:6,4
DA:10,4
LF:4
LH:4
BRDA:10,0,0,4
BRDA:10,0,1,0
BRF:2
BRH:1
end_of_record
TN:
SF:src\markers\MarkersRouter.ts
FN:16,(anonymous_1)
FN:18,(anonymous_2)
FN:19,(anonymous_4)
FN:28,(anonymous_5)
FN:34,(anonymous_6)
FN:43,(anonymous_7)
FN:49,(anonymous_8)
FN:50,(anonymous_9)
FN:55,(anonymous_10)
FN:57,(anonymous_11)
FN:60,(anonymous_12)
FN:70,(anonymous_13)
FN:80,(anonymous_14)
FNF:13
FNH:12
FNDA:11,(anonymous_1)
FNDA:17,(anonymous_2)
FNDA:17,(anonymous_4)
FNDA:4,(anonymous_5)
FNDA:17,(anonymous_6)
FNDA:0,(anonymous_7)
FNDA:17,(anonymous_8)
FNDA:3,(anonymous_9)
FNDA:34,(anonymous_10)
FNDA:11,(anonymous_11)
FNDA:11,(anonymous_12)
FNDA:11,(anonymous_13)
FNDA:17,(anonymous_14)
DA:1,10
DA:3,10
DA:4,10
DA:6,10
DA:7,10
DA:8,10
DA:9,10
DA:10,10
DA:11,10
DA:12,10
DA:13,10
DA:15,10
DA:16,11
DA:18,17
DA:24,17
DA:29,4
DA:39,17
DA:44,0
DA:50,17
DA:51,3
DA:56,34
DA:58,11
DA:61,11
DA:62,11
DA:63,11
DA:66,34
DA:68,34
DA:71,11
DA:72,0
DA:75,11
DA:81,17
DA:83,17
DA:90,17
DA:93,17
DA:95,17
DA:98,17
DA:100,17
DA:103,17
DA:105,17
LF:39
LH:37
BRDA:71,0,0,0
BRF:1
BRH:0
end_of_record
TN:
SF:src\markers\edit-marker\EditMarkerCommand.ts
FN:9,(anonymous_0)
FN:20,(anonymous_2)
FNF:2
FNH:0
FNDA:0,(anonymous_0)
FNDA:0,(anonymous_2)
DA:9,10
DA:10,0
DA:11,0
DA:12,0
DA:13,0
DA:14,0
DA:15,0
DA:16,0
DA:17,0
DA:18,0
DA:31,0
DA:32,0
DA:33,0
DA:34,0
DA:35,0
DA:36,0
DA:37,0
DA:38,0
DA:39,0
LF:19
LH:1
BRF:0
BRH:0
end_of_record
TN:
SF:src\markers\edit-marker\EditMarkerCommandHandler.ts
FN:9,(anonymous_0)
FN:16,(anonymous_2)
FN:12,(anonymous_3)
FNF:3
FNH:2
FNDA:17,(anonymous_0)
FNDA:0,(anonymous_2)
FNDA:17,(anonymous_3)
DA:9,17
DA:10,17
DA:13,17
DA:17,0
DA:18,0
DA:19,0
DA:21,0
DA:33,0
DA:34,0
LF:9
LH:3
BRDA:18,0,0,0
BRF:1
BRH:0
end_of_record
TN:
SF:src\markers\edit-marker\EditMarkerController.ts
FN:19,(anonymous_0)
FN:26,(anonymous_2)
FN:28,(anonymous_3)
FN:40,(anonymous_4)
FN:51,(anonymous_5)
FN:62,(anonymous_6)
FN:22,(anonymous_7)
FNF:7
FNH:2
FNDA:17,(anonymous_0)
FNDA:0,(anonymous_2)
FNDA:0,(anonymous_3)
FNDA:0,(anonymous_4)
FNDA:0,(anonymous_5)
FNDA:0,(anonymous_6)
FNDA:17,(anonymous_7)
DA:2,10
DA:3,10
DA:5,10
DA:6,10
DA:7,10
DA:8,10
DA:9,10
DA:10,10
DA:19,17
DA:20,17
DA:23,17
DA:27,0
DA:28,0
DA:29,0
DA:31,0
DA:40,0
DA:43,0
DA:44,0
DA:45,0
DA:47,0
DA:52,0
DA:63,0
LF:22
LH:11
BRDA:37,0,0,0
BRDA:37,0,1,0
BRDA:38,1,0,0
BRDA:38,1,1,0
BRF:4
BRH:0
end_of_record
TN:
SF:src\markers\get-marker\GetMarkerCommand.ts
FN:4,(anonymous_0)
FN:7,(anonymous_2)
FNF:2
FNH:2
FNDA:3,(anonymous_0)
FNDA:3,(anonymous_2)
DA:4,10
DA:5,3
DA:8,3
LF:3
LH:3
BRF:0
BRH:0
end_of_record
TN:
SF:src\markers\get-marker\GetMarkerCommandHandler.ts
FN:8,(anonymous_0)
FN:15,(anonymous_2)
FN:11,(anonymous_3)
FNF:3
FNH:3
FNDA:17,(anonymous_0)
FNDA:3,(anonymous_2)
FNDA:17,(anonymous_3)
DA:8,17
DA:9,17
DA:12,17
DA:16,3
DA:18,3
DA:19,3
LF:6
LH:6
BRF:0
BRH:0
end_of_record
TN:
SF:src\markers\get-marker\GetMarkerController.ts
FN:12,(anonymous_0)
FN:19,(anonymous_2)
FN:23,(anonymous_3)
FN:26,(anonymous_4)
FN:37,(anonymous_5)
FN:15,(anonymous_6)
FNF:6
FNH:6
FNDA:17,(anonymous_0)
FNDA:3,(anonymous_2)
FNDA:3,(anonymous_3)
FNDA:3,(anonymous_4)
FNDA:3,(anonymous_5)
FNDA:17,(anonymous_6)
DA:2,10
DA:4,10
DA:12,17
DA:13,17
DA:16,17
DA:20,3
DA:22,3
DA:23,3
DA:27,3
DA:38,3
LF:10
LH:10
BRF:0
BRH:0
end_of_record
TN:
SF:src\markers\marker\Marker.ts
FN:8,(anonymous_0)
FN:41,(anonymous_2)
FN:58,(anonymous_3)
FN:19,(anonymous_4)
FNF:4
FNH:4
FNDA:22,(anonymous_0)
FNDA:22,(anonymous_2)
FNDA:3,(anonymous_3)
FNDA:22,(anonymous_4)
DA:8,22
DA:9,22
DA:10,22
DA:11,22
DA:12,22
DA:13,22
DA:14,22
DA:15,22
DA:16,22
DA:17,22
DA:30,22
DA:31,22
DA:32,22
DA:33,22
DA:34,22
DA:35,22
DA:36,22
DA:37,22
DA:38,22
DA:52,22
DA:53,1
DA:55,21
DA:69,3
DA:70,1
DA:72,2
DA:73,1
DA:75,1
LF:27
LH:27
BRDA:52,0,0,1
BRDA:69,1,0,1
BRDA:72,2,0,1
BRF:3
BRH:3
end_of_record
TN:
SF:src\markers\marker\MarkerId.ts
FN:3,(anonymous_0)
FN:10,(anonymous_2)
FN:14,(anonymous_3)
FN:6,(anonymous_4)
FNF:4
FNH:4
FNDA:32,(anonymous_0)
FNDA:32,(anonymous_2)
FNDA:32,(anonymous_3)
FNDA:31,(anonymous_4)
DA:1,12
DA:3,32
DA:4,31
DA:7,31
DA:11,32
DA:15,32
DA:16,31
DA:18,1
LF:8
LH:8
BRDA:15,0,0,31
BRF:1
BRH:1
end_of_record
TN:
SF:src\markers\marker\MarkerPhoto.ts
FN:1,(anonymous_0)
FN:8,(anonymous_2)
FN:12,(anonymous_3)
FN:4,(anonymous_4)
FNF:4
FNH:4
FNDA:54,(anonymous_0)
FNDA:54,(anonymous_2)
FNDA:54,(anonymous_3)
FNDA:54,(anonymous_4)
DA:1,54
DA:2,54
DA:5,54
DA:9,54
DA:13,54
DA:14,54
DA:16,0
LF:7
LH:6
BRDA:13,0,0,54
BRF:1
BRH:1
end_of_record
TN:
SF:src\markers\marker\MarkerPosition.ts
FN:1,(anonymous_0)
FN:10,(anonymous_2)
FN:14,(anonymous_3)
FN:5,(anonymous_4)
FNF:4
FNH:4
FNDA:28,(anonymous_0)
FNDA:28,(anonymous_2)
FNDA:28,(anonymous_3)
FNDA:25,(anonymous_4)
DA:1,28
DA:2,25
DA:3,25
DA:6,25
DA:7,25
DA:11,28
DA:15,28
DA:16,25
DA:18,3
LF:9
LH:9
BRDA:11,0,0,28
BRDA:11,0,1,28
BRDA:11,0,2,28
BRDA:11,0,3,27
BRDA:11,0,4,26
BRDA:11,0,5,26
BRDA:15,1,0,25
BRF:7
BRH:7
end_of_record
TN:
SF:src\markers\marker\MarkerRepository.ts
FN:20,(anonymous_0)
FN:46,(anonymous_2)
FN:49,(anonymous_3)
FN:52,(anonymous_4)
FN:65,(anonymous_5)
FN:68,(anonymous_6)
FN:73,(anonymous_7)
FN:80,(anonymous_8)
FN:99,(anonymous_9)
FN:115,(anonymous_10)
FN:122,(anonymous_11)
FN:134,(anonymous_12)
FN:144,(anonymous_13)
FN:148,(anonymous_14)
FN:162,(anonymous_15)
FN:26,(anonymous_16)
FN:38,(anonymous_17)
FN:42,(anonymous_18)
FNF:18
FNH:14
FNDA:18,(anonymous_0)
FNDA:7,(anonymous_2)
FNDA:7,(anonymous_3)
FNDA:13,(anonymous_4)
FNDA:0,(anonymous_5)
FNDA:0,(anonymous_6)
FNDA:0,(anonymous_7)
FNDA:0,(anonymous_8)
FNDA:5,(anonymous_9)
FNDA:4,(anonymous_10)
FNDA:5,(anonymous_11)
FNDA:10,(anonymous_12)
FNDA:16,(anonymous_13)
FNDA:7,(anonymous_14)
FNDA:13,(anonymous_15)
FNDA:18,(anonymous_16)
FNDA:9,(anonymous_17)
FNDA:10,(anonymous_18)
DA:3,10
DA:4,10
DA:5,10
DA:7,10
DA:9,10
DA:10,10
DA:11,10
DA:20,18
DA:21,18
DA:22,18
DA:23,18
DA:24,18
DA:32,18
DA:33,18
DA:34,18
DA:35,18
DA:38,18
DA:39,9
DA:42,18
DA:43,10
DA:47,7
DA:49,7
DA:50,7
DA:52,7
DA:53,13
DA:55,7
DA:56,5
DA:58,7
DA:60,7
DA:62,7
DA:66,0
DA:68,0
DA:69,0
DA:73,0
DA:74,0
DA:76,0
DA:79,0
DA:80,0
DA:81,0
DA:84,0
DA:88,0
DA:89,0
DA:92,0
DA:94,0
DA:96,0
DA:100,5
DA:102,5
DA:103,0
DA:105,5
DA:110,5
DA:112,5
DA:116,4
DA:118,4
DA:119,0
DA:122,4
DA:123,5
DA:127,5
DA:129,4
DA:131,4
DA:135,10
DA:144,16
DA:149,7
DA:163,13
LF:63
LH:46
BRDA:55,0,0,5
BRDA:79,1,0,0
BRDA:88,2,0,0
BRDA:102,3,0,0
BRDA:110,4,0,0
BRDA:110,4,1,5
BRDA:118,5,0,0
BRDA:127,6,0,0
BRDA:127,6,1,5
BRDA:141,7,0,0
BRDA:141,7,1,10
BRDA:142,8,0,0
BRDA:142,8,1,10
BRDA:155,9,0,0
BRDA:155,9,1,7
BRDA:156,10,0,0
BRDA:156,10,1,7
BRF:17
BRH:7
end_of_record
TN:
SF:src\markers\marker\MarkerStatus.ts
FN:1,(anonymous_0)
FN:8,(anonymous_2)
FN:12,(anonymous_3)
FN:4,(anonymous_4)
FNF:4
FNH:4
FNDA:24,(anonymous_0)
FNDA:24,(anonymous_2)
FNDA:24,(anonymous_3)
FNDA:24,(anonymous_4)
DA:1,24
DA:2,24
DA:5,24
DA:9,24
DA:13,24
DA:14,24
DA:16,0
LF:7
LH:6
BRDA:13,0,0,24
BRF:1
BRH:1
end_of_record
TN:
SF:src\markers\marker\MarkerTitle.ts
FN:1,(anonymous_0)
FN:8,(anonymous_2)
FN:12,(anonymous_3)
FN:4,(anonymous_4)
FNF:4
FNH:4
FNDA:25,(anonymous_0)
FNDA:25,(anonymous_2)
FNDA:25,(anonymous_3)
FNDA:24,(anonymous_4)
DA:1,25
DA:2,24
DA:5,24
DA:9,25
DA:13,25
DA:14,24
DA:16,1
LF:7
LH:7
BRDA:9,0,0,25
BRDA:9,0,1,25
BRDA:13,1,0,24
BRF:3
BRH:3
end_of_record
TN:
SF:src\markers\register-marker\RegisterMarkerCommand.ts
FN:8,(anonymous_0)
FN:18,(anonymous_2)
FNF:2
FNH:2
FNDA:4,(anonymous_0)
FNDA:4,(anonymous_2)
DA:8,10
DA:9,4
DA:10,4
DA:11,4
DA:12,4
DA:13,4
DA:14,4
DA:15,4
DA:16,4
DA:28,4
DA:29,4
DA:30,4
DA:31,4
DA:32,4
DA:33,4
DA:34,4
DA:35,4
LF:17
LH:17
BRF:0
BRH:0
end_of_record
TN:
SF:src\markers\register-marker\RegisterMarkerCommandHandler.ts
FN:10,(anonymous_0)
FN:17,(anonymous_2)
FN:13,(anonymous_3)
FNF:3
FNH:3
FNDA:17,(anonymous_0)
FNDA:4,(anonymous_2)
FNDA:17,(anonymous_3)
DA:1,10
DA:3,10
DA:4,10
DA:10,17
DA:11,17
DA:14,17
DA:18,4
DA:30,4
DA:31,4
DA:32,4
LF:10
LH:10
BRF:0
BRH:0
end_of_record
TN:
SF:src\markers\register-marker\RegisterMarkerController.ts
FN:18,(anonymous_0)
FN:25,(anonymous_2)
FN:27,(anonymous_3)
FN:37,(anonymous_4)
FN:48,(anonymous_5)
FN:59,(anonymous_6)
FN:21,(anonymous_7)
FNF:7
FNH:7
FNDA:17,(anonymous_0)
FNDA:4,(anonymous_2)
FNDA:6,(anonymous_3)
FNDA:6,(anonymous_4)
FNDA:4,(anonymous_5)
FNDA:6,(anonymous_6)
FNDA:17,(anonymous_7)
DA:2,10
DA:3,10
DA:5,10
DA:6,10
DA:7,10
DA:8,10
DA:9,10
DA:18,17
DA:19,17
DA:22,17
DA:26,4
DA:27,6
DA:28,4
DA:29,4
DA:37,6
DA:40,4
DA:41,4
DA:42,4
DA:44,0
DA:49,4
DA:60,6
LF:21
LH:20
BRDA:34,0,0,0
BRDA:34,0,1,4
BRDA:35,1,0,0
BRDA:35,1,1,4
BRF:4
BRH:2
end_of_record
TN:
SF:src\users\UsersRouter.ts
FN:24,(anonymous_1)
FN:26,(anonymous_2)
FN:27,(anonymous_3)
FN:29,(anonymous_4)
FN:30,(anonymous_5)
FN:31,(anonymous_6)
FN:36,(anonymous_7)
FN:37,(anonymous_8)
FN:42,(anonymous_9)
FN:47,(anonymous_10)
FN:53,(anonymous_11)
FN:54,(anonymous_12)
FN:59,(anonymous_13)
FN:60,(anonymous_14)
FN:65,(anonymous_15)
FNF:15
FNH:14
FNDA:8,(anonymous_1)
FNDA:20,(anonymous_2)
FNDA:2,(anonymous_3)
FNDA:17,(anonymous_4)
FNDA:17,(anonymous_5)
FNDA:19,(anonymous_6)
FNDA:17,(anonymous_7)
FNDA:1,(anonymous_8)
FNDA:17,(anonymous_9)
FNDA:3,(anonymous_10)
FNDA:17,(anonymous_11)
FNDA:3,(anonymous_12)
FNDA:17,(anonymous_13)
FNDA:0,(anonymous_14)
FNDA:17,(anonymous_15)
DA:1,10
DA:2,10
DA:4,10
DA:5,10
DA:6,10
DA:7,10
DA:8,10
DA:9,10
DA:10,10
DA:11,10
DA:12,10
DA:13,10
DA:14,10
DA:15,10
DA:16,10
DA:17,10
DA:18,10
DA:19,10
DA:20,10
DA:21,10
DA:23,10
DA:24,10
DA:26,20
DA:27,10
DA:29,17
DA:31,17
DA:32,19
DA:37,17
DA:38,1
DA:43,17
DA:48,3
DA:54,17
DA:55,3
DA:60,17
DA:61,0
DA:66,17
DA:68,17
DA:69,17
DA:70,17
DA:71,17
DA:74,17
DA:76,17
DA:79,17
DA:81,17
DA:84,17
DA:86,17
DA:87,17
DA:92,17
DA:93,17
DA:95,17
DA:96,17
DA:98,17
LF:52
LH:51
BRF:0
BRH:0
end_of_record
TN:
SF:src\users\edit-user\EditUserCommand.ts
FN:6,(anonymous_0)
FN:13,(anonymous_2)
FNF:2
FNH:2
FNDA:2,(anonymous_0)
FNDA:2,(anonymous_2)
DA:6,10
DA:7,2
DA:8,2
DA:9,2
DA:10,2
DA:11,2
DA:20,2
DA:21,2
DA:22,2
DA:23,2
DA:24,2
LF:11
LH:11
BRF:0
BRH:0
end_of_record
TN:
SF:src\users\edit-user\EditUserCommandHandler.ts
FN:11,(anonymous_0)
FN:20,(anonymous_2)
FN:37,(anonymous_3)
FN:15,(anonymous_4)
FNF:4
FNH:4
FNDA:17,(anonymous_0)
FNDA:2,(anonymous_2)
FNDA:2,(anonymous_3)
FNDA:17,(anonymous_4)
DA:11,17
DA:12,17
DA:13,17
DA:16,17
DA:17,17
DA:21,2
DA:22,2
DA:23,0
DA:26,2
DA:34,2
DA:38,2
LF:11
LH:10
BRDA:22,0,0,0
BRDA:38,1,0,0
BRDA:38,1,1,2
BRF:3
BRH:1
end_of_record
TN:
SF:src\users\edit-user\EditUserController.ts
FN:16,(anonymous_0)
FN:23,(anonymous_2)
FN:19,(anonymous_3)
FNF:3
FNH:3
FNDA:17,(anonymous_0)
FNDA:3,(anonymous_2)
FNDA:17,(anonymous_3)
DA:2,10
DA:3,10
DA:4,10
DA:6,10
DA:7,10
DA:16,17
DA:17,17
DA:20,17
DA:24,3
DA:25,3
DA:26,1
DA:29,2
DA:30,2
DA:31,2
DA:38,2
DA:39,2
DA:40,2
DA:42,0
LF:18
LH:17
BRDA:25,0,0,1
BRDA:36,1,0,0
BRDA:36,1,1,2
BRF:3
BRH:2
end_of_record
TN:
SF:src\users\edit-user\editUser.validators.middlewares.ts
FN:3,(anonymous_0)
FN:43,(anonymous_1)
FNF:2
FNH:2
FNDA:17,(anonymous_0)
FNDA:3,(anonymous_1)
DA:3,17
DA:43,3
LF:2
LH:2
BRF:0
BRH:0
end_of_record
TN:
SF:src\users\get-user\GetUserCommand.ts
FN:4,(anonymous_0)
FN:7,(anonymous_2)
FNF:2
FNH:0
FNDA:0,(anonymous_0)
FNDA:0,(anonymous_2)
DA:4,10
DA:5,0
DA:8,0
LF:3
LH:1
BRF:0
BRH:0
end_of_record
TN:
SF:src\users\get-user\GetUserCommandHandler.ts
FN:9,(anonymous_0)
FN:16,(anonymous_2)
FN:12,(anonymous_3)
FNF:3
FNH:2
FNDA:17,(anonymous_0)
FNDA:0,(anonymous_2)
FNDA:17,(anonymous_3)
DA:9,17
DA:10,17
DA:13,17
DA:17,0
LF:4
LH:3
BRF:0
BRH:0
end_of_record
TN:
SF:src\users\get-user\GetUserController.ts
FN:12,(anonymous_0)
FN:19,(anonymous_2)
FN:30,(anonymous_3)
FN:15,(anonymous_4)
FNF:4
FNH:2
FNDA:17,(anonymous_0)
FNDA:0,(anonymous_2)
FNDA:0,(anonymous_3)
FNDA:17,(anonymous_4)
DA:2,10
DA:4,10
DA:12,17
DA:13,17
DA:16,17
DA:20,0
DA:21,0
DA:22,0
DA:24,0
DA:26,0
DA:31,0
LF:11
LH:5
BRDA:24,0,0,0
BRDA:24,0,1,0
BRF:2
BRH:0
end_of_record
TN:
SF:src\users\hash-service\HashService.ts
FN:8,(anonymous_0)
FN:9,(anonymous_2)
FN:13,(anonymous_3)
FNF:3
FNH:3
FNDA:28,(anonymous_0)
FNDA:34,(anonymous_2)
FNDA:17,(anonymous_3)
DA:1,11
DA:8,28
DA:10,34
DA:14,17
LF:4
LH:4
BRF:0
BRH:0
end_of_record
TN:
SF:src\users\register-user\RegisterUserCommand.ts
FN:5,(anonymous_0)
FN:11,(anonymous_2)
FNF:2
FNH:2
FNDA:2,(anonymous_0)
FNDA:2,(anonymous_2)
DA:5,10
DA:6,2
DA:7,2
DA:8,2
DA:9,2
DA:12,2
DA:13,2
DA:14,2
DA:15,2
LF:9
LH:9
BRF:0
BRH:0
end_of_record
TN:
SF:src\users\register-user\RegisterUserCommandHandler.ts
FN:14,(anonymous_0)
FN:29,(anonymous_2)
FN:19,(anonymous_3)
FNF:3
FNH:3
FNDA:17,(anonymous_0)
FNDA:2,(anonymous_2)
FNDA:17,(anonymous_3)
DA:1,10
DA:2,10
DA:8,10
DA:9,10
DA:14,17
DA:15,17
DA:16,17
DA:17,17
DA:24,17
DA:25,17
DA:26,17
DA:30,2
DA:31,2
DA:32,1
DA:35,1
DA:36,1
DA:37,1
DA:39,1
DA:48,1
DA:49,1
LF:20
LH:20
BRDA:31,0,0,1
BRF:1
BRH:1
end_of_record
TN:
SF:src\users\register-user\RegisterUserController.ts
FN:16,(anonymous_0)
FN:23,(anonymous_2)
FN:19,(anonymous_3)
FNF:3
FNH:3
FNDA:17,(anonymous_0)
FNDA:3,(anonymous_2)
FNDA:17,(anonymous_3)
DA:2,10
DA:3,10
DA:4,10
DA:6,10
DA:7,10
DA:16,17
DA:17,17
DA:20,17
DA:24,3
DA:25,3
DA:26,1
DA:29,2
DA:30,2
DA:31,2
DA:37,2
DA:38,1
DA:39,1
DA:41,1
LF:18
LH:18
BRDA:25,0,0,1
BRF:1
BRH:1
end_of_record
TN:
SF:src\users\register-user\registerUser.validators.middlewares.ts
FN:3,(anonymous_0)
FN:49,(anonymous_1)
FNF:2
FNH:2
FNDA:17,(anonymous_0)
FNDA:3,(anonymous_1)
DA:3,17
DA:49,3
LF:2
LH:2
BRF:0
BRH:0
end_of_record
TN:
SF:src\users\user-access\login\LoginController.ts
FN:13,(anonymous_0)
FN:20,(anonymous_2)
FN:31,(anonymous_3)
FN:16,(anonymous_4)
FNF:4
FNH:4
FNDA:17,(anonymous_0)
FNDA:19,(anonymous_2)
FNDA:15,(anonymous_3)
FNDA:17,(anonymous_4)
DA:2,10
DA:3,10
DA:4,10
DA:13,17
DA:14,17
DA:17,17
DA:21,19
DA:22,19
DA:23,1
DA:25,18
DA:26,18
DA:27,18
DA:31,15
DA:32,15
DA:33,0
DA:36,15
DA:37,15
DA:39,3
LF:18
LH:17
BRDA:22,0,0,1
BRDA:32,1,0,0
BRF:2
BRH:1
end_of_record
TN:
SF:src\users\user-access\login\login.validators.middlewares.ts
FN:3,(anonymous_0)
FNF:1
FNH:1
FNDA:17,(anonymous_0)
DA:3,17
LF:1
LH:1
BRF:0
BRH:0
end_of_record
TN:
SF:src\users\user-access\logout\LogoutController.ts
FN:9,(anonymous_0)
FN:16,(anonymous_2)
FN:19,(anonymous_3)
FN:12,(anonymous_4)
FNF:4
FNH:4
FNDA:17,(anonymous_0)
FNDA:1,(anonymous_2)
FNDA:1,(anonymous_3)
FNDA:17,(anonymous_4)
DA:2,10
DA:9,17
DA:10,17
DA:13,17
DA:17,1
DA:18,1
DA:19,1
DA:20,1
DA:21,0
DA:24,1
DA:26,0
LF:11
LH:9
BRDA:20,0,0,0
BRF:1
BRH:0
end_of_record
TN:
SF:src\users\user-access\user-session\UserSession.ts
FN:5,(anonymous_0)
FN:10,(anonymous_2)
FNF:2
FNH:2
FNDA:15,(anonymous_0)
FNDA:15,(anonymous_2)
DA:5,15
DA:6,15
DA:7,15
DA:8,15
DA:11,15
DA:12,15
DA:13,15
LF:7
LH:7
BRF:0
BRH:0
end_of_record
TN:
SF:src\users\user-access\user-session\UserSessionRepository.ts
FN:10,(anonymous_0)
FN:13,(anonymous_2)
FN:17,(anonymous_3)
FN:22,(anonymous_4)
FNF:4
FNH:3
FNDA:17,(anonymous_0)
FNDA:0,(anonymous_2)
FNDA:15,(anonymous_3)
FNDA:1,(anonymous_4)
DA:10,17
DA:11,17
DA:14,0
DA:18,15
DA:19,15
DA:23,1
DA:24,1
DA:25,1
DA:26,1
DA:29,0
LF:10
LH:8
BRDA:24,0,0,1
BRF:1
BRH:1
end_of_record
TN:
SF:src\users\user-access\user-session\UserSessionService.ts
FN:13,(anonymous_0)
FN:28,(anonymous_2)
FN:50,(anonymous_3)
FN:18,(anonymous_4)
FNF:4
FNH:4
FNDA:17,(anonymous_0)
FNDA:18,(anonymous_2)
FNDA:1,(anonymous_3)
FNDA:17,(anonymous_4)
DA:5,10
DA:13,17
DA:14,17
DA:15,17
DA:16,17
DA:23,17
DA:24,17
DA:25,17
DA:30,18
DA:31,18
DA:32,18
DA:33,2
DA:36,2
DA:37,2
DA:40,16
DA:41,16
DA:42,16
DA:43,1
DA:46,15
DA:47,15
DA:51,1
LF:21
LH:21
BRDA:32,0,0,2
BRDA:36,1,0,2
BRDA:42,2,0,1
BRF:3
BRH:3
end_of_record
TN:
SF:src\users\user-access\user-session\checkSession.middleware.ts
FN:3,(anonymous_1)
FN:10,(anonymous_2)
FN:3,(anonymous_3)
FN:10,(anonymous_4)
FNF:4
FNH:4
FNDA:102,(anonymous_1)
FNDA:34,(anonymous_2)
FNDA:17,(anonymous_3)
FNDA:24,(anonymous_4)
DA:3,102
DA:4,17
DA:5,5
DA:7,12
DA:10,34
DA:11,24
DA:12,2
DA:14,22
LF:8
LH:8
BRDA:4,0,0,5
BRDA:11,1,0,2
BRF:2
BRH:2
end_of_record
TN:
SF:src\users\user-access\user-session\sessions.config.ts
FN:3,(anonymous_0)
FNF:1
FNH:1
FNDA:17,(anonymous_0)
DA:3,17
LF:1
LH:1
BRF:0
BRH:0
end_of_record
TN:
SF:src\users\user-profile\Email.ts
FN:3,(anonymous_0)
FN:10,(anonymous_5)
FN:14,(anonymous_6)
FN:6,(anonymous_7)
FNF:4
FNH:4
FNDA:59,(anonymous_0)
FNDA:59,(anonymous_5)
FNDA:59,(anonymous_6)
FNDA:58,(anonymous_7)
DA:1,12
DA:3,59
DA:4,58
DA:7,58
DA:11,59
DA:15,59
DA:16,58
DA:18,1
LF:8
LH:8
BRDA:15,0,0,58
BRF:1
BRH:1
end_of_record
TN:
SF:src\users\user-profile\EmailUniquenessChecker.ts
FN:8,(anonymous_0)
FN:14,(anonymous_2)
FN:11,(anonymous_3)
FNF:3
FNH:3
FNDA:19,(anonymous_0)
FNDA:4,(anonymous_2)
FNDA:19,(anonymous_3)
DA:8,19
DA:9,19
DA:12,19
DA:15,4
LF:4
LH:4
BRF:0
BRH:0
end_of_record
TN:
SF:src\users\user-profile\UserDescription.ts
FN:1,(anonymous_0)
FN:8,(anonymous_2)
FN:12,(anonymous_3)
FN:4,(anonymous_4)
FNF:4
FNH:4
FNDA:46,(anonymous_0)
FNDA:46,(anonymous_2)
FNDA:46,(anonymous_3)
FNDA:45,(anonymous_4)
DA:1,46
DA:2,45
DA:5,45
DA:9,46
DA:13,46
DA:14,45
DA:16,1
LF:7
LH:7
BRDA:9,0,0,46
BRDA:9,0,1,42
BRDA:13,1,0,45
BRF:3
BRH:3
end_of_record
TN:
SF:src\users\user-profile\UserId.ts
FN:3,(anonymous_0)
FN:10,(anonymous_2)
FN:14,(anonymous_3)
FN:6,(anonymous_4)
FNF:4
FNH:4
FNDA:70,(anonymous_0)
FNDA:70,(anonymous_2)
FNDA:70,(anonymous_3)
FNDA:69,(anonymous_4)
DA:1,13
DA:3,70
DA:4,69
DA:7,69
DA:11,70
DA:15,70
DA:16,69
DA:18,1
LF:8
LH:8
BRDA:15,0,0,69
BRF:1
BRH:1
end_of_record
TN:
SF:src\users\user-profile\UserName.ts
FN:1,(anonymous_0)
FN:8,(anonymous_2)
FN:12,(anonymous_3)
FN:4,(anonymous_4)
FNF:4
FNH:4
FNDA:43,(anonymous_0)
FNDA:43,(anonymous_2)
FNDA:43,(anonymous_3)
FNDA:42,(anonymous_4)
DA:1,43
DA:2,42
DA:5,42
DA:9,43
DA:13,43
DA:14,42
DA:16,1
LF:7
LH:7
BRDA:9,0,0,43
BRDA:9,0,1,43
BRDA:13,1,0,42
BRF:3
BRH:3
end_of_record
TN:
SF:src\users\user-profile\UserProfile.ts
FN:6,(anonymous_0)
FN:30,(anonymous_2)
FN:41,(anonymous_3)
FN:14,(anonymous_4)
FNF:4
FNH:4
FNDA:33,(anonymous_0)
FNDA:33,(anonymous_2)
FNDA:8,(anonymous_3)
FNDA:40,(anonymous_4)
DA:6,33
DA:7,40
DA:8,40
DA:9,40
DA:10,40
DA:11,40
DA:12,40
DA:22,40
DA:23,40
DA:24,40
DA:25,40
DA:26,40
DA:27,40
DA:38,33
DA:48,8
DA:49,1
DA:52,7
LF:17
LH:17
BRDA:48,0,0,1
BRDA:58,1,0,3
BRDA:58,1,1,4
BRF:3
BRH:3
end_of_record
TN:
SF:src\users\user-profile\UserProfileRepository.ts
FN:16,(anonymous_0)
FN:29,(anonymous_2)
FN:32,(anonymous_3)
FN:41,(anonymous_4)
FN:44,(anonymous_5)
FN:55,(anonymous_6)
FN:66,(anonymous_7)
FN:76,(anonymous_8)
FN:87,(anonymous_9)
FN:20,(anonymous_10)
FN:25,(anonymous_11)
FNF:11
FNH:11
FNDA:27,(anonymous_0)
FNDA:5,(anonymous_2)
FNDA:5,(anonymous_3)
FNDA:3,(anonymous_4)
FNDA:3,(anonymous_5)
FNDA:6,(anonymous_6)
FNDA:24,(anonymous_7)
FNDA:24,(anonymous_8)
FNDA:8,(anonymous_9)
FNDA:27,(anonymous_10)
FNDA:30,(anonymous_11)
DA:2,10
DA:3,10
DA:4,10
DA:6,10
DA:7,10
DA:16,27
DA:17,27
DA:18,27
DA:21,27
DA:22,27
DA:25,27
DA:26,30
DA:30,5
DA:32,5
DA:33,5
DA:34,5
DA:36,5
DA:38,5
DA:42,3
DA:44,3
DA:45,3
DA:48,3
DA:50,3
DA:52,3
DA:56,6
DA:58,6
DA:59,1
DA:61,5
DA:63,5
DA:67,24
DA:69,24
DA:70,5
DA:73,19
DA:77,24
DA:88,8
LF:35
LH:35
BRDA:58,0,0,1
BRDA:69,1,0,5
BRF:2
BRH:2
end_of_record
